2021-29-14 11:29:19.141 [main] ERROR com.miro.utils.Log - No Compatible broser found
java.lang.Exception: Browser is not supported
	at com.miro.base.TestBase.setup(TestBase.java:36) [test-classes/:?]
	at jdk.internal.reflect.NativeMethodAccessorImpl.invoke0(Native Method) ~[?:?]
	at jdk.internal.reflect.NativeMethodAccessorImpl.invoke(NativeMethodAccessorImpl.java:62) ~[?:?]
	at jdk.internal.reflect.DelegatingMethodAccessorImpl.invoke(DelegatingMethodAccessorImpl.java:43) ~[?:?]
	at java.lang.reflect.Method.invoke(Method.java:566) ~[?:?]
	at org.testng.internal.MethodInvocationHelper.invokeMethod(MethodInvocationHelper.java:108) [testng-6.11.jar:?]
	at org.testng.internal.Invoker.invokeConfigurationMethod(Invoker.java:523) [testng-6.11.jar:?]
	at org.testng.internal.Invoker.invokeConfigurations(Invoker.java:224) [testng-6.11.jar:?]
	at org.testng.internal.Invoker.invokeMethod(Invoker.java:599) [testng-6.11.jar:?]
	at org.testng.internal.Invoker.invokeTestMethod(Invoker.java:869) [testng-6.11.jar:?]
	at org.testng.internal.Invoker.invokeTestMethods(Invoker.java:1193) [testng-6.11.jar:?]
	at org.testng.internal.TestMethodWorker.invokeTestMethods(TestMethodWorker.java:126) [testng-6.11.jar:?]
	at org.testng.internal.TestMethodWorker.run(TestMethodWorker.java:109) [testng-6.11.jar:?]
	at org.testng.TestRunner.privateRun(TestRunner.java:744) [testng-6.11.jar:?]
	at org.testng.TestRunner.run(TestRunner.java:602) [testng-6.11.jar:?]
	at org.testng.SuiteRunner.runTest(SuiteRunner.java:380) [testng-6.11.jar:?]
	at org.testng.SuiteRunner.runSequentially(SuiteRunner.java:375) [testng-6.11.jar:?]
	at org.testng.SuiteRunner.privateRun(SuiteRunner.java:340) [testng-6.11.jar:?]
	at org.testng.SuiteRunner.run(SuiteRunner.java:289) [testng-6.11.jar:?]
	at org.testng.SuiteRunnerWorker.runSuite(SuiteRunnerWorker.java:52) [testng-6.11.jar:?]
	at org.testng.SuiteRunnerWorker.run(SuiteRunnerWorker.java:86) [testng-6.11.jar:?]
	at org.testng.TestNG.runSuitesSequentially(TestNG.java:1301) [testng-6.11.jar:?]
	at org.testng.TestNG.runSuitesLocally(TestNG.java:1226) [testng-6.11.jar:?]
	at org.testng.TestNG.runSuites(TestNG.java:1144) [testng-6.11.jar:?]
	at org.testng.TestNG.run(TestNG.java:1115) [testng-6.11.jar:?]
	at com.intellij.rt.testng.IDEARemoteTestNG.run(IDEARemoteTestNG.java:66) [testng-rt.jar:?]
	at com.intellij.rt.testng.RemoteTestNGStarter.main(RemoteTestNGStarter.java:109) [testng-rt.jar:?]
2021-33-14 11:33:48.192 [main] ERROR com.miro.utils.Log - No Compatible broser found
java.lang.Exception: Browser is not supported
	at com.miro.base.TestBase.setup(TestBase.java:36) [test-classes/:?]
	at jdk.internal.reflect.NativeMethodAccessorImpl.invoke0(Native Method) ~[?:?]
	at jdk.internal.reflect.NativeMethodAccessorImpl.invoke(NativeMethodAccessorImpl.java:62) ~[?:?]
	at jdk.internal.reflect.DelegatingMethodAccessorImpl.invoke(DelegatingMethodAccessorImpl.java:43) ~[?:?]
	at java.lang.reflect.Method.invoke(Method.java:566) ~[?:?]
	at org.testng.internal.MethodInvocationHelper.invokeMethod(MethodInvocationHelper.java:108) [testng-6.11.jar:?]
	at org.testng.internal.Invoker.invokeConfigurationMethod(Invoker.java:523) [testng-6.11.jar:?]
	at org.testng.internal.Invoker.invokeConfigurations(Invoker.java:224) [testng-6.11.jar:?]
	at org.testng.internal.Invoker.invokeMethod(Invoker.java:599) [testng-6.11.jar:?]
	at org.testng.internal.Invoker.invokeTestMethod(Invoker.java:869) [testng-6.11.jar:?]
	at org.testng.internal.Invoker.invokeTestMethods(Invoker.java:1193) [testng-6.11.jar:?]
	at org.testng.internal.TestMethodWorker.invokeTestMethods(TestMethodWorker.java:126) [testng-6.11.jar:?]
	at org.testng.internal.TestMethodWorker.run(TestMethodWorker.java:109) [testng-6.11.jar:?]
	at org.testng.TestRunner.privateRun(TestRunner.java:744) [testng-6.11.jar:?]
	at org.testng.TestRunner.run(TestRunner.java:602) [testng-6.11.jar:?]
	at org.testng.SuiteRunner.runTest(SuiteRunner.java:380) [testng-6.11.jar:?]
	at org.testng.SuiteRunner.runSequentially(SuiteRunner.java:375) [testng-6.11.jar:?]
	at org.testng.SuiteRunner.privateRun(SuiteRunner.java:340) [testng-6.11.jar:?]
	at org.testng.SuiteRunner.run(SuiteRunner.java:289) [testng-6.11.jar:?]
	at org.testng.SuiteRunnerWorker.runSuite(SuiteRunnerWorker.java:52) [testng-6.11.jar:?]
	at org.testng.SuiteRunnerWorker.run(SuiteRunnerWorker.java:86) [testng-6.11.jar:?]
	at org.testng.TestNG.runSuitesSequentially(TestNG.java:1301) [testng-6.11.jar:?]
	at org.testng.TestNG.runSuitesLocally(TestNG.java:1226) [testng-6.11.jar:?]
	at org.testng.TestNG.runSuites(TestNG.java:1144) [testng-6.11.jar:?]
	at org.testng.TestNG.run(TestNG.java:1115) [testng-6.11.jar:?]
	at com.intellij.rt.testng.IDEARemoteTestNG.run(IDEARemoteTestNG.java:66) [testng-rt.jar:?]
	at com.intellij.rt.testng.RemoteTestNGStarter.main(RemoteTestNGStarter.java:109) [testng-rt.jar:?]
2021-34-14 11:34:04.581 [main] ERROR com.miro.utils.Log - No Compatible broser found
java.lang.Exception: Browser is not supported
	at com.miro.base.TestBase.setup(TestBase.java:36) [test-classes/:?]
	at jdk.internal.reflect.NativeMethodAccessorImpl.invoke0(Native Method) ~[?:?]
	at jdk.internal.reflect.NativeMethodAccessorImpl.invoke(NativeMethodAccessorImpl.java:62) ~[?:?]
	at jdk.internal.reflect.DelegatingMethodAccessorImpl.invoke(DelegatingMethodAccessorImpl.java:43) ~[?:?]
	at java.lang.reflect.Method.invoke(Method.java:566) ~[?:?]
	at org.testng.internal.MethodInvocationHelper.invokeMethod(MethodInvocationHelper.java:108) [testng-6.11.jar:?]
	at org.testng.internal.Invoker.invokeConfigurationMethod(Invoker.java:523) [testng-6.11.jar:?]
	at org.testng.internal.Invoker.invokeConfigurations(Invoker.java:224) [testng-6.11.jar:?]
	at org.testng.internal.Invoker.invokeMethod(Invoker.java:599) [testng-6.11.jar:?]
	at org.testng.internal.Invoker.invokeTestMethod(Invoker.java:869) [testng-6.11.jar:?]
	at org.testng.internal.Invoker.invokeTestMethods(Invoker.java:1193) [testng-6.11.jar:?]
	at org.testng.internal.TestMethodWorker.invokeTestMethods(TestMethodWorker.java:126) [testng-6.11.jar:?]
	at org.testng.internal.TestMethodWorker.run(TestMethodWorker.java:109) [testng-6.11.jar:?]
	at org.testng.TestRunner.privateRun(TestRunner.java:744) [testng-6.11.jar:?]
	at org.testng.TestRunner.run(TestRunner.java:602) [testng-6.11.jar:?]
	at org.testng.SuiteRunner.runTest(SuiteRunner.java:380) [testng-6.11.jar:?]
	at org.testng.SuiteRunner.runSequentially(SuiteRunner.java:375) [testng-6.11.jar:?]
	at org.testng.SuiteRunner.privateRun(SuiteRunner.java:340) [testng-6.11.jar:?]
	at org.testng.SuiteRunner.run(SuiteRunner.java:289) [testng-6.11.jar:?]
	at org.testng.SuiteRunnerWorker.runSuite(SuiteRunnerWorker.java:52) [testng-6.11.jar:?]
	at org.testng.SuiteRunnerWorker.run(SuiteRunnerWorker.java:86) [testng-6.11.jar:?]
	at org.testng.TestNG.runSuitesSequentially(TestNG.java:1301) [testng-6.11.jar:?]
	at org.testng.TestNG.runSuitesLocally(TestNG.java:1226) [testng-6.11.jar:?]
	at org.testng.TestNG.runSuites(TestNG.java:1144) [testng-6.11.jar:?]
	at org.testng.TestNG.run(TestNG.java:1115) [testng-6.11.jar:?]
	at com.intellij.rt.testng.IDEARemoteTestNG.run(IDEARemoteTestNG.java:66) [testng-rt.jar:?]
	at com.intellij.rt.testng.RemoteTestNGStarter.main(RemoteTestNGStarter.java:109) [testng-rt.jar:?]
2021-35-14 11:35:10.134 [main] ERROR com.miro.utils.Log - Browser Launch Error
java.lang.IllegalStateException: The path to the driver executable must be set by the webdriver.chrome.driver system property; for more information, see https://github.com/SeleniumHQ/selenium/wiki/ChromeDriver. The latest version can be downloaded from http://chromedriver.storage.googleapis.com/index.html
	at com.google.common.base.Preconditions.checkState(Preconditions.java:847) ~[guava-25.0-jre.jar:?]
	at org.openqa.selenium.remote.service.DriverService.findExecutable(DriverService.java:125) ~[selenium-remote-driver-3.14.0.jar:?]
	at org.openqa.selenium.chrome.ChromeDriverService.access$000(ChromeDriverService.java:35) ~[selenium-chrome-driver-3.14.0.jar:?]
	at org.openqa.selenium.chrome.ChromeDriverService$Builder.findDefaultExecutable(ChromeDriverService.java:156) ~[selenium-chrome-driver-3.14.0.jar:?]
	at org.openqa.selenium.remote.service.DriverService$Builder.build(DriverService.java:346) ~[selenium-remote-driver-3.14.0.jar:?]
	at org.openqa.selenium.chrome.ChromeDriverService.createDefaultService(ChromeDriverService.java:91) ~[selenium-chrome-driver-3.14.0.jar:?]
	at org.openqa.selenium.chrome.ChromeDriver.<init>(ChromeDriver.java:123) ~[selenium-chrome-driver-3.14.0.jar:?]
	at com.miro.base.TestBase.setup(TestBase.java:31) [test-classes/:?]
	at jdk.internal.reflect.NativeMethodAccessorImpl.invoke0(Native Method) ~[?:?]
	at jdk.internal.reflect.NativeMethodAccessorImpl.invoke(NativeMethodAccessorImpl.java:62) ~[?:?]
	at jdk.internal.reflect.DelegatingMethodAccessorImpl.invoke(DelegatingMethodAccessorImpl.java:43) ~[?:?]
	at java.lang.reflect.Method.invoke(Method.java:566) ~[?:?]
	at org.testng.internal.MethodInvocationHelper.invokeMethod(MethodInvocationHelper.java:108) [testng-6.11.jar:?]
	at org.testng.internal.Invoker.invokeConfigurationMethod(Invoker.java:523) [testng-6.11.jar:?]
	at org.testng.internal.Invoker.invokeConfigurations(Invoker.java:224) [testng-6.11.jar:?]
	at org.testng.internal.Invoker.invokeMethod(Invoker.java:599) [testng-6.11.jar:?]
	at org.testng.internal.Invoker.invokeTestMethod(Invoker.java:869) [testng-6.11.jar:?]
	at org.testng.internal.Invoker.invokeTestMethods(Invoker.java:1193) [testng-6.11.jar:?]
	at org.testng.internal.TestMethodWorker.invokeTestMethods(TestMethodWorker.java:126) [testng-6.11.jar:?]
	at org.testng.internal.TestMethodWorker.run(TestMethodWorker.java:109) [testng-6.11.jar:?]
	at org.testng.TestRunner.privateRun(TestRunner.java:744) [testng-6.11.jar:?]
	at org.testng.TestRunner.run(TestRunner.java:602) [testng-6.11.jar:?]
	at org.testng.SuiteRunner.runTest(SuiteRunner.java:380) [testng-6.11.jar:?]
	at org.testng.SuiteRunner.runSequentially(SuiteRunner.java:375) [testng-6.11.jar:?]
	at org.testng.SuiteRunner.privateRun(SuiteRunner.java:340) [testng-6.11.jar:?]
	at org.testng.SuiteRunner.run(SuiteRunner.java:289) [testng-6.11.jar:?]
	at org.testng.SuiteRunnerWorker.runSuite(SuiteRunnerWorker.java:52) [testng-6.11.jar:?]
	at org.testng.SuiteRunnerWorker.run(SuiteRunnerWorker.java:86) [testng-6.11.jar:?]
	at org.testng.TestNG.runSuitesSequentially(TestNG.java:1301) [testng-6.11.jar:?]
	at org.testng.TestNG.runSuitesLocally(TestNG.java:1226) [testng-6.11.jar:?]
	at org.testng.TestNG.runSuites(TestNG.java:1144) [testng-6.11.jar:?]
	at org.testng.TestNG.run(TestNG.java:1115) [testng-6.11.jar:?]
	at com.intellij.rt.testng.IDEARemoteTestNG.run(IDEARemoteTestNG.java:66) [testng-rt.jar:?]
	at com.intellij.rt.testng.RemoteTestNGStarter.main(RemoteTestNGStarter.java:109) [testng-rt.jar:?]
2021-48-14 11:48:28.132 [main] ERROR com.miro.utils.Log - Browser Launch Error
java.lang.IllegalStateException: The path to the driver executable must be set by the webdriver.chrome.driver system property; for more information, see https://github.com/SeleniumHQ/selenium/wiki/ChromeDriver. The latest version can be downloaded from http://chromedriver.storage.googleapis.com/index.html
	at com.google.common.base.Preconditions.checkState(Preconditions.java:847) ~[guava-25.0-jre.jar:?]
	at org.openqa.selenium.remote.service.DriverService.findExecutable(DriverService.java:125) ~[selenium-remote-driver-3.14.0.jar:?]
	at org.openqa.selenium.chrome.ChromeDriverService.access$000(ChromeDriverService.java:35) ~[selenium-chrome-driver-3.14.0.jar:?]
	at org.openqa.selenium.chrome.ChromeDriverService$Builder.findDefaultExecutable(ChromeDriverService.java:156) ~[selenium-chrome-driver-3.14.0.jar:?]
	at org.openqa.selenium.remote.service.DriverService$Builder.build(DriverService.java:346) ~[selenium-remote-driver-3.14.0.jar:?]
	at org.openqa.selenium.chrome.ChromeDriverService.createDefaultService(ChromeDriverService.java:91) ~[selenium-chrome-driver-3.14.0.jar:?]
	at org.openqa.selenium.chrome.ChromeDriver.<init>(ChromeDriver.java:123) ~[selenium-chrome-driver-3.14.0.jar:?]
	at com.miro.base.TestBase.setup(TestBase.java:31) [test-classes/:?]
	at jdk.internal.reflect.NativeMethodAccessorImpl.invoke0(Native Method) ~[?:?]
	at jdk.internal.reflect.NativeMethodAccessorImpl.invoke(NativeMethodAccessorImpl.java:62) ~[?:?]
	at jdk.internal.reflect.DelegatingMethodAccessorImpl.invoke(DelegatingMethodAccessorImpl.java:43) ~[?:?]
	at java.lang.reflect.Method.invoke(Method.java:566) ~[?:?]
	at org.testng.internal.MethodInvocationHelper.invokeMethod(MethodInvocationHelper.java:108) [testng-6.11.jar:?]
	at org.testng.internal.Invoker.invokeConfigurationMethod(Invoker.java:523) [testng-6.11.jar:?]
	at org.testng.internal.Invoker.invokeConfigurations(Invoker.java:224) [testng-6.11.jar:?]
	at org.testng.internal.Invoker.invokeMethod(Invoker.java:599) [testng-6.11.jar:?]
	at org.testng.internal.Invoker.invokeTestMethod(Invoker.java:869) [testng-6.11.jar:?]
	at org.testng.internal.Invoker.invokeTestMethods(Invoker.java:1193) [testng-6.11.jar:?]
	at org.testng.internal.TestMethodWorker.invokeTestMethods(TestMethodWorker.java:126) [testng-6.11.jar:?]
	at org.testng.internal.TestMethodWorker.run(TestMethodWorker.java:109) [testng-6.11.jar:?]
	at org.testng.TestRunner.privateRun(TestRunner.java:744) [testng-6.11.jar:?]
	at org.testng.TestRunner.run(TestRunner.java:602) [testng-6.11.jar:?]
	at org.testng.SuiteRunner.runTest(SuiteRunner.java:380) [testng-6.11.jar:?]
	at org.testng.SuiteRunner.runSequentially(SuiteRunner.java:375) [testng-6.11.jar:?]
	at org.testng.SuiteRunner.privateRun(SuiteRunner.java:340) [testng-6.11.jar:?]
	at org.testng.SuiteRunner.run(SuiteRunner.java:289) [testng-6.11.jar:?]
	at org.testng.SuiteRunnerWorker.runSuite(SuiteRunnerWorker.java:52) [testng-6.11.jar:?]
	at org.testng.SuiteRunnerWorker.run(SuiteRunnerWorker.java:86) [testng-6.11.jar:?]
	at org.testng.TestNG.runSuitesSequentially(TestNG.java:1301) [testng-6.11.jar:?]
	at org.testng.TestNG.runSuitesLocally(TestNG.java:1226) [testng-6.11.jar:?]
	at org.testng.TestNG.runSuites(TestNG.java:1144) [testng-6.11.jar:?]
	at org.testng.TestNG.run(TestNG.java:1115) [testng-6.11.jar:?]
	at com.intellij.rt.testng.IDEARemoteTestNG.run(IDEARemoteTestNG.java:66) [testng-rt.jar:?]
	at com.intellij.rt.testng.RemoteTestNGStarter.main(RemoteTestNGStarter.java:109) [testng-rt.jar:?]
2021-51-14 11:51:40.907 [main] ERROR com.miro.utils.Log - Browser Launch Error
org.openqa.selenium.WebDriverException: Timed out waiting for driver server to start.
Build info: version: '3.14.0', revision: 'aacccce0', time: '2018-08-02T20:19:58.91Z'
System info: host: 'preetis-MacBook-Pro.local', ip: '2a02:a211:a183:df80:50e0:b55d:d0fb:1446%en0', os.name: 'Mac OS X', os.arch: 'x86_64', os.version: '10.16', java.version: '11.0.8'
Driver info: driver.version: ChromeDriver
	at org.openqa.selenium.remote.service.DriverService.waitUntilAvailable(DriverService.java:193) ~[selenium-remote-driver-3.14.0.jar:?]
	at org.openqa.selenium.remote.service.DriverService.start(DriverService.java:179) ~[selenium-remote-driver-3.14.0.jar:?]
	at org.openqa.selenium.remote.service.DriverCommandExecutor.execute(DriverCommandExecutor.java:79) ~[selenium-remote-driver-3.14.0.jar:?]
	at org.openqa.selenium.remote.RemoteWebDriver.execute(RemoteWebDriver.java:548) ~[selenium-remote-driver-3.14.0.jar:?]
	at org.openqa.selenium.remote.RemoteWebDriver.startSession(RemoteWebDriver.java:212) ~[selenium-remote-driver-3.14.0.jar:?]
	at org.openqa.selenium.remote.RemoteWebDriver.<init>(RemoteWebDriver.java:130) ~[selenium-remote-driver-3.14.0.jar:?]
	at org.openqa.selenium.chrome.ChromeDriver.<init>(ChromeDriver.java:181) ~[selenium-chrome-driver-3.14.0.jar:?]
	at org.openqa.selenium.chrome.ChromeDriver.<init>(ChromeDriver.java:168) ~[selenium-chrome-driver-3.14.0.jar:?]
	at org.openqa.selenium.chrome.ChromeDriver.<init>(ChromeDriver.java:123) ~[selenium-chrome-driver-3.14.0.jar:?]
	at com.miro.base.TestBase.setup(TestBase.java:31) [test-classes/:?]
	at jdk.internal.reflect.NativeMethodAccessorImpl.invoke0(Native Method) ~[?:?]
	at jdk.internal.reflect.NativeMethodAccessorImpl.invoke(NativeMethodAccessorImpl.java:62) ~[?:?]
	at jdk.internal.reflect.DelegatingMethodAccessorImpl.invoke(DelegatingMethodAccessorImpl.java:43) ~[?:?]
	at java.lang.reflect.Method.invoke(Method.java:566) ~[?:?]
	at org.testng.internal.MethodInvocationHelper.invokeMethod(MethodInvocationHelper.java:108) [testng-6.11.jar:?]
	at org.testng.internal.Invoker.invokeConfigurationMethod(Invoker.java:523) [testng-6.11.jar:?]
	at org.testng.internal.Invoker.invokeConfigurations(Invoker.java:224) [testng-6.11.jar:?]
	at org.testng.internal.Invoker.invokeMethod(Invoker.java:599) [testng-6.11.jar:?]
	at org.testng.internal.Invoker.invokeTestMethod(Invoker.java:869) [testng-6.11.jar:?]
	at org.testng.internal.Invoker.invokeTestMethods(Invoker.java:1193) [testng-6.11.jar:?]
	at org.testng.internal.TestMethodWorker.invokeTestMethods(TestMethodWorker.java:126) [testng-6.11.jar:?]
	at org.testng.internal.TestMethodWorker.run(TestMethodWorker.java:109) [testng-6.11.jar:?]
	at org.testng.TestRunner.privateRun(TestRunner.java:744) [testng-6.11.jar:?]
	at org.testng.TestRunner.run(TestRunner.java:602) [testng-6.11.jar:?]
	at org.testng.SuiteRunner.runTest(SuiteRunner.java:380) [testng-6.11.jar:?]
	at org.testng.SuiteRunner.runSequentially(SuiteRunner.java:375) [testng-6.11.jar:?]
	at org.testng.SuiteRunner.privateRun(SuiteRunner.java:340) [testng-6.11.jar:?]
	at org.testng.SuiteRunner.run(SuiteRunner.java:289) [testng-6.11.jar:?]
	at org.testng.SuiteRunnerWorker.runSuite(SuiteRunnerWorker.java:52) [testng-6.11.jar:?]
	at org.testng.SuiteRunnerWorker.run(SuiteRunnerWorker.java:86) [testng-6.11.jar:?]
	at org.testng.TestNG.runSuitesSequentially(TestNG.java:1301) [testng-6.11.jar:?]
	at org.testng.TestNG.runSuitesLocally(TestNG.java:1226) [testng-6.11.jar:?]
	at org.testng.TestNG.runSuites(TestNG.java:1144) [testng-6.11.jar:?]
	at org.testng.TestNG.run(TestNG.java:1115) [testng-6.11.jar:?]
	at com.intellij.rt.testng.IDEARemoteTestNG.run(IDEARemoteTestNG.java:66) [testng-rt.jar:?]
	at com.intellij.rt.testng.RemoteTestNGStarter.main(RemoteTestNGStarter.java:109) [testng-rt.jar:?]
Caused by: org.openqa.selenium.net.UrlChecker$TimeoutException: Timed out waiting for [http://localhost:22715/status] to be available after 20006 ms
	at org.openqa.selenium.net.UrlChecker.waitUntilAvailable(UrlChecker.java:100) ~[selenium-remote-driver-3.14.0.jar:?]
	at org.openqa.selenium.remote.service.DriverService.waitUntilAvailable(DriverService.java:188) ~[selenium-remote-driver-3.14.0.jar:?]
	... 35 more
Caused by: java.util.concurrent.TimeoutException
	at java.util.concurrent.FutureTask.get(FutureTask.java:204) ~[?:?]
	at com.google.common.util.concurrent.SimpleTimeLimiter.callWithTimeout(SimpleTimeLimiter.java:156) ~[guava-25.0-jre.jar:?]
	at org.openqa.selenium.net.UrlChecker.waitUntilAvailable(UrlChecker.java:75) ~[selenium-remote-driver-3.14.0.jar:?]
	at org.openqa.selenium.remote.service.DriverService.waitUntilAvailable(DriverService.java:188) ~[selenium-remote-driver-3.14.0.jar:?]
	... 35 more
2021-07-14 12:07:39.720 [main] ERROR com.miro.utils.Log - No Compatible broser found
java.lang.Exception: Browser is not supported
	at com.miro.base.TestBase.setup(TestBase.java:36) [test-classes/:?]
	at jdk.internal.reflect.NativeMethodAccessorImpl.invoke0(Native Method) ~[?:?]
	at jdk.internal.reflect.NativeMethodAccessorImpl.invoke(NativeMethodAccessorImpl.java:62) ~[?:?]
	at jdk.internal.reflect.DelegatingMethodAccessorImpl.invoke(DelegatingMethodAccessorImpl.java:43) ~[?:?]
	at java.lang.reflect.Method.invoke(Method.java:566) ~[?:?]
	at org.testng.internal.MethodInvocationHelper.invokeMethod(MethodInvocationHelper.java:108) [testng-6.11.jar:?]
	at org.testng.internal.Invoker.invokeConfigurationMethod(Invoker.java:523) [testng-6.11.jar:?]
	at org.testng.internal.Invoker.invokeConfigurations(Invoker.java:224) [testng-6.11.jar:?]
	at org.testng.internal.Invoker.invokeMethod(Invoker.java:599) [testng-6.11.jar:?]
	at org.testng.internal.Invoker.invokeTestMethod(Invoker.java:869) [testng-6.11.jar:?]
	at org.testng.internal.Invoker.invokeTestMethods(Invoker.java:1193) [testng-6.11.jar:?]
	at org.testng.internal.TestMethodWorker.invokeTestMethods(TestMethodWorker.java:126) [testng-6.11.jar:?]
	at org.testng.internal.TestMethodWorker.run(TestMethodWorker.java:109) [testng-6.11.jar:?]
	at org.testng.TestRunner.privateRun(TestRunner.java:744) [testng-6.11.jar:?]
	at org.testng.TestRunner.run(TestRunner.java:602) [testng-6.11.jar:?]
	at org.testng.SuiteRunner.runTest(SuiteRunner.java:380) [testng-6.11.jar:?]
	at org.testng.SuiteRunner.runSequentially(SuiteRunner.java:375) [testng-6.11.jar:?]
	at org.testng.SuiteRunner.privateRun(SuiteRunner.java:340) [testng-6.11.jar:?]
	at org.testng.SuiteRunner.run(SuiteRunner.java:289) [testng-6.11.jar:?]
	at org.testng.SuiteRunnerWorker.runSuite(SuiteRunnerWorker.java:52) [testng-6.11.jar:?]
	at org.testng.SuiteRunnerWorker.run(SuiteRunnerWorker.java:86) [testng-6.11.jar:?]
	at org.testng.TestNG.runSuitesSequentially(TestNG.java:1301) [testng-6.11.jar:?]
	at org.testng.TestNG.runSuitesLocally(TestNG.java:1226) [testng-6.11.jar:?]
	at org.testng.TestNG.runSuites(TestNG.java:1144) [testng-6.11.jar:?]
	at org.testng.TestNG.run(TestNG.java:1115) [testng-6.11.jar:?]
	at com.intellij.rt.testng.IDEARemoteTestNG.run(IDEARemoteTestNG.java:66) [testng-rt.jar:?]
	at com.intellij.rt.testng.RemoteTestNGStarter.main(RemoteTestNGStarter.java:109) [testng-rt.jar:?]
2021-08-14 12:08:13.481 [main] ERROR com.miro.utils.Log - Browser Launch Error
java.lang.IllegalStateException: The path to the driver executable must be set by the webdriver.chrome.driver system property; for more information, see https://github.com/SeleniumHQ/selenium/wiki/ChromeDriver. The latest version can be downloaded from http://chromedriver.storage.googleapis.com/index.html
	at com.google.common.base.Preconditions.checkState(Preconditions.java:847) ~[guava-25.0-jre.jar:?]
	at org.openqa.selenium.remote.service.DriverService.findExecutable(DriverService.java:125) ~[selenium-remote-driver-3.14.0.jar:?]
	at org.openqa.selenium.chrome.ChromeDriverService.access$000(ChromeDriverService.java:35) ~[selenium-chrome-driver-3.14.0.jar:?]
	at org.openqa.selenium.chrome.ChromeDriverService$Builder.findDefaultExecutable(ChromeDriverService.java:156) ~[selenium-chrome-driver-3.14.0.jar:?]
	at org.openqa.selenium.remote.service.DriverService$Builder.build(DriverService.java:346) ~[selenium-remote-driver-3.14.0.jar:?]
	at org.openqa.selenium.chrome.ChromeDriverService.createDefaultService(ChromeDriverService.java:91) ~[selenium-chrome-driver-3.14.0.jar:?]
	at org.openqa.selenium.chrome.ChromeDriver.<init>(ChromeDriver.java:123) ~[selenium-chrome-driver-3.14.0.jar:?]
	at com.miro.base.TestBase.setup(TestBase.java:31) [test-classes/:?]
	at jdk.internal.reflect.NativeMethodAccessorImpl.invoke0(Native Method) ~[?:?]
	at jdk.internal.reflect.NativeMethodAccessorImpl.invoke(NativeMethodAccessorImpl.java:62) ~[?:?]
	at jdk.internal.reflect.DelegatingMethodAccessorImpl.invoke(DelegatingMethodAccessorImpl.java:43) ~[?:?]
	at java.lang.reflect.Method.invoke(Method.java:566) ~[?:?]
	at org.testng.internal.MethodInvocationHelper.invokeMethod(MethodInvocationHelper.java:108) [testng-6.11.jar:?]
	at org.testng.internal.Invoker.invokeConfigurationMethod(Invoker.java:523) [testng-6.11.jar:?]
	at org.testng.internal.Invoker.invokeConfigurations(Invoker.java:224) [testng-6.11.jar:?]
	at org.testng.internal.Invoker.invokeMethod(Invoker.java:599) [testng-6.11.jar:?]
	at org.testng.internal.Invoker.invokeTestMethod(Invoker.java:869) [testng-6.11.jar:?]
	at org.testng.internal.Invoker.invokeTestMethods(Invoker.java:1193) [testng-6.11.jar:?]
	at org.testng.internal.TestMethodWorker.invokeTestMethods(TestMethodWorker.java:126) [testng-6.11.jar:?]
	at org.testng.internal.TestMethodWorker.run(TestMethodWorker.java:109) [testng-6.11.jar:?]
	at org.testng.TestRunner.privateRun(TestRunner.java:744) [testng-6.11.jar:?]
	at org.testng.TestRunner.run(TestRunner.java:602) [testng-6.11.jar:?]
	at org.testng.SuiteRunner.runTest(SuiteRunner.java:380) [testng-6.11.jar:?]
	at org.testng.SuiteRunner.runSequentially(SuiteRunner.java:375) [testng-6.11.jar:?]
	at org.testng.SuiteRunner.privateRun(SuiteRunner.java:340) [testng-6.11.jar:?]
	at org.testng.SuiteRunner.run(SuiteRunner.java:289) [testng-6.11.jar:?]
	at org.testng.SuiteRunnerWorker.runSuite(SuiteRunnerWorker.java:52) [testng-6.11.jar:?]
	at org.testng.SuiteRunnerWorker.run(SuiteRunnerWorker.java:86) [testng-6.11.jar:?]
	at org.testng.TestNG.runSuitesSequentially(TestNG.java:1301) [testng-6.11.jar:?]
	at org.testng.TestNG.runSuitesLocally(TestNG.java:1226) [testng-6.11.jar:?]
	at org.testng.TestNG.runSuites(TestNG.java:1144) [testng-6.11.jar:?]
	at org.testng.TestNG.run(TestNG.java:1115) [testng-6.11.jar:?]
	at com.intellij.rt.testng.IDEARemoteTestNG.run(IDEARemoteTestNG.java:66) [testng-rt.jar:?]
	at com.intellij.rt.testng.RemoteTestNGStarter.main(RemoteTestNGStarter.java:109) [testng-rt.jar:?]
2021-26-14 12:26:14.219 [main] ERROR com.miro.utils.Log - Browser Launch Error
java.lang.IllegalStateException: The path to the driver executable must be set by the webdriver.chrome.driver system property; for more information, see https://github.com/SeleniumHQ/selenium/wiki/ChromeDriver. The latest version can be downloaded from http://chromedriver.storage.googleapis.com/index.html
	at com.google.common.base.Preconditions.checkState(Preconditions.java:847) ~[guava-25.0-jre.jar:?]
	at org.openqa.selenium.remote.service.DriverService.findExecutable(DriverService.java:125) ~[selenium-remote-driver-3.14.0.jar:?]
	at org.openqa.selenium.chrome.ChromeDriverService.access$000(ChromeDriverService.java:35) ~[selenium-chrome-driver-3.14.0.jar:?]
	at org.openqa.selenium.chrome.ChromeDriverService$Builder.findDefaultExecutable(ChromeDriverService.java:156) ~[selenium-chrome-driver-3.14.0.jar:?]
	at org.openqa.selenium.remote.service.DriverService$Builder.build(DriverService.java:346) ~[selenium-remote-driver-3.14.0.jar:?]
	at org.openqa.selenium.chrome.ChromeDriverService.createDefaultService(ChromeDriverService.java:91) ~[selenium-chrome-driver-3.14.0.jar:?]
	at org.openqa.selenium.chrome.ChromeDriver.<init>(ChromeDriver.java:123) ~[selenium-chrome-driver-3.14.0.jar:?]
	at com.miro.base.TestBase.setup(TestBase.java:31) [test-classes/:?]
	at jdk.internal.reflect.NativeMethodAccessorImpl.invoke0(Native Method) ~[?:?]
	at jdk.internal.reflect.NativeMethodAccessorImpl.invoke(NativeMethodAccessorImpl.java:62) ~[?:?]
	at jdk.internal.reflect.DelegatingMethodAccessorImpl.invoke(DelegatingMethodAccessorImpl.java:43) ~[?:?]
	at java.lang.reflect.Method.invoke(Method.java:566) ~[?:?]
	at org.testng.internal.MethodInvocationHelper.invokeMethod(MethodInvocationHelper.java:108) [testng-6.11.jar:?]
	at org.testng.internal.Invoker.invokeConfigurationMethod(Invoker.java:523) [testng-6.11.jar:?]
	at org.testng.internal.Invoker.invokeConfigurations(Invoker.java:224) [testng-6.11.jar:?]
	at org.testng.internal.Invoker.invokeMethod(Invoker.java:599) [testng-6.11.jar:?]
	at org.testng.internal.Invoker.invokeTestMethod(Invoker.java:869) [testng-6.11.jar:?]
	at org.testng.internal.Invoker.invokeTestMethods(Invoker.java:1193) [testng-6.11.jar:?]
	at org.testng.internal.TestMethodWorker.invokeTestMethods(TestMethodWorker.java:126) [testng-6.11.jar:?]
	at org.testng.internal.TestMethodWorker.run(TestMethodWorker.java:109) [testng-6.11.jar:?]
	at org.testng.TestRunner.privateRun(TestRunner.java:744) [testng-6.11.jar:?]
	at org.testng.TestRunner.run(TestRunner.java:602) [testng-6.11.jar:?]
	at org.testng.SuiteRunner.runTest(SuiteRunner.java:380) [testng-6.11.jar:?]
	at org.testng.SuiteRunner.runSequentially(SuiteRunner.java:375) [testng-6.11.jar:?]
	at org.testng.SuiteRunner.privateRun(SuiteRunner.java:340) [testng-6.11.jar:?]
	at org.testng.SuiteRunner.run(SuiteRunner.java:289) [testng-6.11.jar:?]
	at org.testng.SuiteRunnerWorker.runSuite(SuiteRunnerWorker.java:52) [testng-6.11.jar:?]
	at org.testng.SuiteRunnerWorker.run(SuiteRunnerWorker.java:86) [testng-6.11.jar:?]
	at org.testng.TestNG.runSuitesSequentially(TestNG.java:1301) [testng-6.11.jar:?]
	at org.testng.TestNG.runSuitesLocally(TestNG.java:1226) [testng-6.11.jar:?]
	at org.testng.TestNG.runSuites(TestNG.java:1144) [testng-6.11.jar:?]
	at org.testng.TestNG.run(TestNG.java:1115) [testng-6.11.jar:?]
	at com.intellij.rt.testng.IDEARemoteTestNG.run(IDEARemoteTestNG.java:66) [testng-rt.jar:?]
	at com.intellij.rt.testng.RemoteTestNGStarter.main(RemoteTestNGStarter.java:109) [testng-rt.jar:?]
2021-26-14 12:26:59.515 [main] ERROR com.miro.utils.Log - Browser Launch Error
java.lang.IllegalStateException: The path to the driver executable must be set by the webdriver.chrome.driver system property; for more information, see https://github.com/SeleniumHQ/selenium/wiki/ChromeDriver. The latest version can be downloaded from http://chromedriver.storage.googleapis.com/index.html
	at com.google.common.base.Preconditions.checkState(Preconditions.java:847) ~[guava-25.0-jre.jar:?]
	at org.openqa.selenium.remote.service.DriverService.findExecutable(DriverService.java:125) ~[selenium-remote-driver-3.14.0.jar:?]
	at org.openqa.selenium.chrome.ChromeDriverService.access$000(ChromeDriverService.java:35) ~[selenium-chrome-driver-3.14.0.jar:?]
	at org.openqa.selenium.chrome.ChromeDriverService$Builder.findDefaultExecutable(ChromeDriverService.java:156) ~[selenium-chrome-driver-3.14.0.jar:?]
	at org.openqa.selenium.remote.service.DriverService$Builder.build(DriverService.java:346) ~[selenium-remote-driver-3.14.0.jar:?]
	at org.openqa.selenium.chrome.ChromeDriverService.createDefaultService(ChromeDriverService.java:91) ~[selenium-chrome-driver-3.14.0.jar:?]
	at org.openqa.selenium.chrome.ChromeDriver.<init>(ChromeDriver.java:123) ~[selenium-chrome-driver-3.14.0.jar:?]
	at com.miro.base.TestBase.setup(TestBase.java:31) [test-classes/:?]
	at jdk.internal.reflect.NativeMethodAccessorImpl.invoke0(Native Method) ~[?:?]
	at jdk.internal.reflect.NativeMethodAccessorImpl.invoke(NativeMethodAccessorImpl.java:62) ~[?:?]
	at jdk.internal.reflect.DelegatingMethodAccessorImpl.invoke(DelegatingMethodAccessorImpl.java:43) ~[?:?]
	at java.lang.reflect.Method.invoke(Method.java:566) ~[?:?]
	at org.testng.internal.MethodInvocationHelper.invokeMethod(MethodInvocationHelper.java:108) [testng-6.11.jar:?]
	at org.testng.internal.Invoker.invokeConfigurationMethod(Invoker.java:523) [testng-6.11.jar:?]
	at org.testng.internal.Invoker.invokeConfigurations(Invoker.java:224) [testng-6.11.jar:?]
	at org.testng.internal.Invoker.invokeMethod(Invoker.java:599) [testng-6.11.jar:?]
	at org.testng.internal.Invoker.invokeTestMethod(Invoker.java:869) [testng-6.11.jar:?]
	at org.testng.internal.Invoker.invokeTestMethods(Invoker.java:1193) [testng-6.11.jar:?]
	at org.testng.internal.TestMethodWorker.invokeTestMethods(TestMethodWorker.java:126) [testng-6.11.jar:?]
	at org.testng.internal.TestMethodWorker.run(TestMethodWorker.java:109) [testng-6.11.jar:?]
	at org.testng.TestRunner.privateRun(TestRunner.java:744) [testng-6.11.jar:?]
	at org.testng.TestRunner.run(TestRunner.java:602) [testng-6.11.jar:?]
	at org.testng.SuiteRunner.runTest(SuiteRunner.java:380) [testng-6.11.jar:?]
	at org.testng.SuiteRunner.runSequentially(SuiteRunner.java:375) [testng-6.11.jar:?]
	at org.testng.SuiteRunner.privateRun(SuiteRunner.java:340) [testng-6.11.jar:?]
	at org.testng.SuiteRunner.run(SuiteRunner.java:289) [testng-6.11.jar:?]
	at org.testng.SuiteRunnerWorker.runSuite(SuiteRunnerWorker.java:52) [testng-6.11.jar:?]
	at org.testng.SuiteRunnerWorker.run(SuiteRunnerWorker.java:86) [testng-6.11.jar:?]
	at org.testng.TestNG.runSuitesSequentially(TestNG.java:1301) [testng-6.11.jar:?]
	at org.testng.TestNG.runSuitesLocally(TestNG.java:1226) [testng-6.11.jar:?]
	at org.testng.TestNG.runSuites(TestNG.java:1144) [testng-6.11.jar:?]
	at org.testng.TestNG.run(TestNG.java:1115) [testng-6.11.jar:?]
	at com.intellij.rt.testng.IDEARemoteTestNG.run(IDEARemoteTestNG.java:66) [testng-rt.jar:?]
	at com.intellij.rt.testng.RemoteTestNGStarter.main(RemoteTestNGStarter.java:109) [testng-rt.jar:?]
2021-27-14 12:27:29.641 [main] ERROR com.miro.utils.Log - Browser Launch Error
java.lang.IllegalStateException: The path to the driver executable must be set by the webdriver.chrome.driver system property; for more information, see https://github.com/SeleniumHQ/selenium/wiki/ChromeDriver. The latest version can be downloaded from http://chromedriver.storage.googleapis.com/index.html
	at com.google.common.base.Preconditions.checkState(Preconditions.java:847) ~[guava-25.0-jre.jar:?]
	at org.openqa.selenium.remote.service.DriverService.findExecutable(DriverService.java:134) ~[client-combined-3.141.59.jar:1.3]
	at org.openqa.selenium.chrome.ChromeDriverService.access$000(ChromeDriverService.java:35) ~[client-combined-3.141.59.jar:1.3]
	at org.openqa.selenium.chrome.ChromeDriverService$Builder.findDefaultExecutable(ChromeDriverService.java:159) ~[client-combined-3.141.59.jar:1.3]
	at org.openqa.selenium.remote.service.DriverService$Builder.build(DriverService.java:355) ~[client-combined-3.141.59.jar:1.3]
	at org.openqa.selenium.chrome.ChromeDriverService.createDefaultService(ChromeDriverService.java:94) ~[client-combined-3.141.59.jar:1.3]
	at org.openqa.selenium.chrome.ChromeDriver.<init>(ChromeDriver.java:123) ~[client-combined-3.141.59.jar:1.3]
	at com.miro.base.TestBase.setup(TestBase.java:31) [test-classes/:?]
	at jdk.internal.reflect.NativeMethodAccessorImpl.invoke0(Native Method) ~[?:?]
	at jdk.internal.reflect.NativeMethodAccessorImpl.invoke(NativeMethodAccessorImpl.java:62) ~[?:?]
	at jdk.internal.reflect.DelegatingMethodAccessorImpl.invoke(DelegatingMethodAccessorImpl.java:43) ~[?:?]
	at java.lang.reflect.Method.invoke(Method.java:566) ~[?:?]
	at org.testng.internal.MethodInvocationHelper.invokeMethod(MethodInvocationHelper.java:108) [testng-6.11.jar:?]
	at org.testng.internal.Invoker.invokeConfigurationMethod(Invoker.java:523) [testng-6.11.jar:?]
	at org.testng.internal.Invoker.invokeConfigurations(Invoker.java:224) [testng-6.11.jar:?]
	at org.testng.internal.Invoker.invokeMethod(Invoker.java:599) [testng-6.11.jar:?]
	at org.testng.internal.Invoker.invokeTestMethod(Invoker.java:869) [testng-6.11.jar:?]
	at org.testng.internal.Invoker.invokeTestMethods(Invoker.java:1193) [testng-6.11.jar:?]
	at org.testng.internal.TestMethodWorker.invokeTestMethods(TestMethodWorker.java:126) [testng-6.11.jar:?]
	at org.testng.internal.TestMethodWorker.run(TestMethodWorker.java:109) [testng-6.11.jar:?]
	at org.testng.TestRunner.privateRun(TestRunner.java:744) [testng-6.11.jar:?]
	at org.testng.TestRunner.run(TestRunner.java:602) [testng-6.11.jar:?]
	at org.testng.SuiteRunner.runTest(SuiteRunner.java:380) [testng-6.11.jar:?]
	at org.testng.SuiteRunner.runSequentially(SuiteRunner.java:375) [testng-6.11.jar:?]
	at org.testng.SuiteRunner.privateRun(SuiteRunner.java:340) [testng-6.11.jar:?]
	at org.testng.SuiteRunner.run(SuiteRunner.java:289) [testng-6.11.jar:?]
	at org.testng.SuiteRunnerWorker.runSuite(SuiteRunnerWorker.java:52) [testng-6.11.jar:?]
	at org.testng.SuiteRunnerWorker.run(SuiteRunnerWorker.java:86) [testng-6.11.jar:?]
	at org.testng.TestNG.runSuitesSequentially(TestNG.java:1301) [testng-6.11.jar:?]
	at org.testng.TestNG.runSuitesLocally(TestNG.java:1226) [testng-6.11.jar:?]
	at org.testng.TestNG.runSuites(TestNG.java:1144) [testng-6.11.jar:?]
	at org.testng.TestNG.run(TestNG.java:1115) [testng-6.11.jar:?]
	at com.intellij.rt.testng.IDEARemoteTestNG.run(IDEARemoteTestNG.java:66) [testng-rt.jar:?]
	at com.intellij.rt.testng.RemoteTestNGStarter.main(RemoteTestNGStarter.java:109) [testng-rt.jar:?]
2021-27-14 12:27:45.577 [main] ERROR com.miro.utils.Log - Browser Launch Error
java.lang.IllegalStateException: The path to the driver executable must be set by the webdriver.chrome.driver system property; for more information, see https://github.com/SeleniumHQ/selenium/wiki/ChromeDriver. The latest version can be downloaded from http://chromedriver.storage.googleapis.com/index.html
	at com.google.common.base.Preconditions.checkState(Preconditions.java:847) ~[guava-25.0-jre.jar:?]
	at org.openqa.selenium.remote.service.DriverService.findExecutable(DriverService.java:125) ~[selenium-remote-driver-3.14.0.jar:?]
	at org.openqa.selenium.chrome.ChromeDriverService.access$000(ChromeDriverService.java:35) ~[selenium-chrome-driver-3.14.0.jar:?]
	at org.openqa.selenium.chrome.ChromeDriverService$Builder.findDefaultExecutable(ChromeDriverService.java:156) ~[selenium-chrome-driver-3.14.0.jar:?]
	at org.openqa.selenium.remote.service.DriverService$Builder.build(DriverService.java:346) ~[selenium-remote-driver-3.14.0.jar:?]
	at org.openqa.selenium.chrome.ChromeDriverService.createDefaultService(ChromeDriverService.java:91) ~[selenium-chrome-driver-3.14.0.jar:?]
	at org.openqa.selenium.chrome.ChromeDriver.<init>(ChromeDriver.java:123) ~[selenium-chrome-driver-3.14.0.jar:?]
	at com.miro.base.TestBase.setup(TestBase.java:31) [test-classes/:?]
	at jdk.internal.reflect.NativeMethodAccessorImpl.invoke0(Native Method) ~[?:?]
	at jdk.internal.reflect.NativeMethodAccessorImpl.invoke(NativeMethodAccessorImpl.java:64) ~[?:?]
	at jdk.internal.reflect.DelegatingMethodAccessorImpl.invoke(DelegatingMethodAccessorImpl.java:43) ~[?:?]
	at java.lang.reflect.Method.invoke(Method.java:564) ~[?:?]
	at org.testng.internal.MethodInvocationHelper.invokeMethod(MethodInvocationHelper.java:108) [testng-6.11.jar:?]
	at org.testng.internal.Invoker.invokeConfigurationMethod(Invoker.java:523) [testng-6.11.jar:?]
	at org.testng.internal.Invoker.invokeConfigurations(Invoker.java:224) [testng-6.11.jar:?]
	at org.testng.internal.Invoker.invokeMethod(Invoker.java:599) [testng-6.11.jar:?]
	at org.testng.internal.Invoker.invokeTestMethod(Invoker.java:869) [testng-6.11.jar:?]
	at org.testng.internal.Invoker.invokeTestMethods(Invoker.java:1193) [testng-6.11.jar:?]
	at org.testng.internal.TestMethodWorker.invokeTestMethods(TestMethodWorker.java:126) [testng-6.11.jar:?]
	at org.testng.internal.TestMethodWorker.run(TestMethodWorker.java:109) [testng-6.11.jar:?]
	at org.testng.TestRunner.privateRun(TestRunner.java:744) [testng-6.11.jar:?]
	at org.testng.TestRunner.run(TestRunner.java:602) [testng-6.11.jar:?]
	at org.testng.SuiteRunner.runTest(SuiteRunner.java:380) [testng-6.11.jar:?]
	at org.testng.SuiteRunner.runSequentially(SuiteRunner.java:375) [testng-6.11.jar:?]
	at org.testng.SuiteRunner.privateRun(SuiteRunner.java:340) [testng-6.11.jar:?]
	at org.testng.SuiteRunner.run(SuiteRunner.java:289) [testng-6.11.jar:?]
	at org.testng.SuiteRunnerWorker.runSuite(SuiteRunnerWorker.java:52) [testng-6.11.jar:?]
	at org.testng.SuiteRunnerWorker.run(SuiteRunnerWorker.java:86) [testng-6.11.jar:?]
	at org.testng.TestNG.runSuitesSequentially(TestNG.java:1301) [testng-6.11.jar:?]
	at org.testng.TestNG.runSuitesLocally(TestNG.java:1226) [testng-6.11.jar:?]
	at org.testng.TestNG.runSuites(TestNG.java:1144) [testng-6.11.jar:?]
	at org.testng.TestNG.run(TestNG.java:1115) [testng-6.11.jar:?]
	at org.apache.maven.surefire.testng.TestNGExecutor.run(TestNGExecutor.java:135) [surefire-testng-2.22.2.jar:2.22.2]
	at org.apache.maven.surefire.testng.TestNGDirectoryTestSuite.executeMulti(TestNGDirectoryTestSuite.java:193) [surefire-testng-2.22.2.jar:2.22.2]
	at org.apache.maven.surefire.testng.TestNGDirectoryTestSuite.execute(TestNGDirectoryTestSuite.java:94) [surefire-testng-2.22.2.jar:2.22.2]
	at org.apache.maven.surefire.testng.TestNGProvider.invoke(TestNGProvider.java:146) [surefire-testng-2.22.2.jar:2.22.2]
	at org.apache.maven.surefire.booter.ForkedBooter.invokeProviderInSameClassLoader(ForkedBooter.java:384) [surefire-booter-2.22.2.jar:2.22.2]
	at org.apache.maven.surefire.booter.ForkedBooter.runSuitesInProcess(ForkedBooter.java:345) [surefire-booter-2.22.2.jar:2.22.2]
	at org.apache.maven.surefire.booter.ForkedBooter.execute(ForkedBooter.java:126) [surefire-booter-2.22.2.jar:2.22.2]
	at org.apache.maven.surefire.booter.ForkedBooter.main(ForkedBooter.java:418) [surefire-booter-2.22.2.jar:2.22.2]
2021-46-14 12:46:18.749 [main] INFO  com.miro.utils.Log - Getting WebDriver Settings
2021-46-14 12:46:18.765 [main] INFO  com.miro.utils.Log - Getting WebDriver Settings
2021-46-14 12:46:18.806 [main] INFO  com.miro.utils.Log - Found chrome as Browser
2021-46-14 12:46:18.886 [main] ERROR com.miro.utils.Log - Chrome Launch Failure: 
java.lang.IllegalStateException: The path to the driver executable must be set by the webdriver.chrome.driver system property; for more information, see https://github.com/SeleniumHQ/selenium/wiki/ChromeDriver. The latest version can be downloaded from http://chromedriver.storage.googleapis.com/index.html
	at com.google.common.base.Preconditions.checkState(Preconditions.java:847) ~[guava-25.0-jre.jar:?]
	at org.openqa.selenium.remote.service.DriverService.findExecutable(DriverService.java:125) ~[selenium-remote-driver-3.14.0.jar:?]
	at org.openqa.selenium.chrome.ChromeDriverService.access$000(ChromeDriverService.java:35) ~[selenium-chrome-driver-3.14.0.jar:?]
	at org.openqa.selenium.chrome.ChromeDriverService$Builder.findDefaultExecutable(ChromeDriverService.java:156) ~[selenium-chrome-driver-3.14.0.jar:?]
	at org.openqa.selenium.remote.service.DriverService$Builder.build(DriverService.java:346) ~[selenium-remote-driver-3.14.0.jar:?]
	at org.openqa.selenium.chrome.ChromeDriverService.createDefaultService(ChromeDriverService.java:91) ~[selenium-chrome-driver-3.14.0.jar:?]
	at org.openqa.selenium.chrome.ChromeDriver.<init>(ChromeDriver.java:123) ~[selenium-chrome-driver-3.14.0.jar:?]
	at com.miro.base.TestBase.setUp(TestBase.java:34) [test-classes/:?]
	at jdk.internal.reflect.NativeMethodAccessorImpl.invoke0(Native Method) ~[?:?]
	at jdk.internal.reflect.NativeMethodAccessorImpl.invoke(NativeMethodAccessorImpl.java:64) ~[?:?]
	at jdk.internal.reflect.DelegatingMethodAccessorImpl.invoke(DelegatingMethodAccessorImpl.java:43) ~[?:?]
	at java.lang.reflect.Method.invoke(Method.java:564) ~[?:?]
	at org.testng.internal.MethodInvocationHelper.invokeMethod(MethodInvocationHelper.java:108) [testng-6.11.jar:?]
	at org.testng.internal.Invoker.invokeConfigurationMethod(Invoker.java:523) [testng-6.11.jar:?]
	at org.testng.internal.Invoker.invokeConfigurations(Invoker.java:224) [testng-6.11.jar:?]
	at org.testng.internal.Invoker.invokeMethod(Invoker.java:599) [testng-6.11.jar:?]
	at org.testng.internal.Invoker.invokeTestMethod(Invoker.java:869) [testng-6.11.jar:?]
	at org.testng.internal.Invoker.invokeTestMethods(Invoker.java:1193) [testng-6.11.jar:?]
	at org.testng.internal.TestMethodWorker.invokeTestMethods(TestMethodWorker.java:126) [testng-6.11.jar:?]
	at org.testng.internal.TestMethodWorker.run(TestMethodWorker.java:109) [testng-6.11.jar:?]
	at org.testng.TestRunner.privateRun(TestRunner.java:744) [testng-6.11.jar:?]
	at org.testng.TestRunner.run(TestRunner.java:602) [testng-6.11.jar:?]
	at org.testng.SuiteRunner.runTest(SuiteRunner.java:380) [testng-6.11.jar:?]
	at org.testng.SuiteRunner.runSequentially(SuiteRunner.java:375) [testng-6.11.jar:?]
	at org.testng.SuiteRunner.privateRun(SuiteRunner.java:340) [testng-6.11.jar:?]
	at org.testng.SuiteRunner.run(SuiteRunner.java:289) [testng-6.11.jar:?]
	at org.testng.SuiteRunnerWorker.runSuite(SuiteRunnerWorker.java:52) [testng-6.11.jar:?]
	at org.testng.SuiteRunnerWorker.run(SuiteRunnerWorker.java:86) [testng-6.11.jar:?]
	at org.testng.TestNG.runSuitesSequentially(TestNG.java:1301) [testng-6.11.jar:?]
	at org.testng.TestNG.runSuitesLocally(TestNG.java:1226) [testng-6.11.jar:?]
	at org.testng.TestNG.runSuites(TestNG.java:1144) [testng-6.11.jar:?]
	at org.testng.TestNG.run(TestNG.java:1115) [testng-6.11.jar:?]
	at org.apache.maven.surefire.testng.TestNGExecutor.run(TestNGExecutor.java:135) [surefire-testng-2.22.2.jar:2.22.2]
	at org.apache.maven.surefire.testng.TestNGDirectoryTestSuite.executeMulti(TestNGDirectoryTestSuite.java:193) [surefire-testng-2.22.2.jar:2.22.2]
	at org.apache.maven.surefire.testng.TestNGDirectoryTestSuite.execute(TestNGDirectoryTestSuite.java:94) [surefire-testng-2.22.2.jar:2.22.2]
	at org.apache.maven.surefire.testng.TestNGProvider.invoke(TestNGProvider.java:146) [surefire-testng-2.22.2.jar:2.22.2]
	at org.apache.maven.surefire.booter.ForkedBooter.invokeProviderInSameClassLoader(ForkedBooter.java:384) [surefire-booter-2.22.2.jar:2.22.2]
	at org.apache.maven.surefire.booter.ForkedBooter.runSuitesInProcess(ForkedBooter.java:345) [surefire-booter-2.22.2.jar:2.22.2]
	at org.apache.maven.surefire.booter.ForkedBooter.execute(ForkedBooter.java:126) [surefire-booter-2.22.2.jar:2.22.2]
	at org.apache.maven.surefire.booter.ForkedBooter.main(ForkedBooter.java:418) [surefire-booter-2.22.2.jar:2.22.2]
2021-46-14 12:46:19.002 [main] INFO  com.miro.utils.Log - Closing Webdriver Windows
2021-47-14 12:47:49.756 [main] INFO  com.miro.utils.Log - Getting WebDriver Settings
2021-47-14 12:47:49.769 [main] INFO  com.miro.utils.Log - Getting WebDriver Settings
2021-47-14 12:47:49.804 [main] INFO  com.miro.utils.Log - Found chrome as Browser
2021-47-14 12:47:49.871 [main] ERROR com.miro.utils.Log - Chrome Launch Failure: 
java.lang.IllegalStateException: The path to the driver executable must be set by the webdriver.chrome.driver system property; for more information, see https://github.com/SeleniumHQ/selenium/wiki/ChromeDriver. The latest version can be downloaded from http://chromedriver.storage.googleapis.com/index.html
	at com.google.common.base.Preconditions.checkState(Preconditions.java:847) ~[guava-25.0-jre.jar:?]
	at org.openqa.selenium.remote.service.DriverService.findExecutable(DriverService.java:125) ~[selenium-remote-driver-3.14.0.jar:?]
	at org.openqa.selenium.chrome.ChromeDriverService.access$000(ChromeDriverService.java:35) ~[selenium-chrome-driver-3.14.0.jar:?]
	at org.openqa.selenium.chrome.ChromeDriverService$Builder.findDefaultExecutable(ChromeDriverService.java:156) ~[selenium-chrome-driver-3.14.0.jar:?]
	at org.openqa.selenium.remote.service.DriverService$Builder.build(DriverService.java:346) ~[selenium-remote-driver-3.14.0.jar:?]
	at org.openqa.selenium.chrome.ChromeDriverService.createDefaultService(ChromeDriverService.java:91) ~[selenium-chrome-driver-3.14.0.jar:?]
	at org.openqa.selenium.chrome.ChromeDriver.<init>(ChromeDriver.java:123) ~[selenium-chrome-driver-3.14.0.jar:?]
	at com.miro.base.TestBase.setUp(TestBase.java:34) [test-classes/:?]
	at jdk.internal.reflect.NativeMethodAccessorImpl.invoke0(Native Method) ~[?:?]
	at jdk.internal.reflect.NativeMethodAccessorImpl.invoke(NativeMethodAccessorImpl.java:64) ~[?:?]
	at jdk.internal.reflect.DelegatingMethodAccessorImpl.invoke(DelegatingMethodAccessorImpl.java:43) ~[?:?]
	at java.lang.reflect.Method.invoke(Method.java:564) ~[?:?]
	at org.testng.internal.MethodInvocationHelper.invokeMethod(MethodInvocationHelper.java:108) [testng-6.11.jar:?]
	at org.testng.internal.Invoker.invokeConfigurationMethod(Invoker.java:523) [testng-6.11.jar:?]
	at org.testng.internal.Invoker.invokeConfigurations(Invoker.java:224) [testng-6.11.jar:?]
	at org.testng.internal.Invoker.invokeMethod(Invoker.java:599) [testng-6.11.jar:?]
	at org.testng.internal.Invoker.invokeTestMethod(Invoker.java:869) [testng-6.11.jar:?]
	at org.testng.internal.Invoker.invokeTestMethods(Invoker.java:1193) [testng-6.11.jar:?]
	at org.testng.internal.TestMethodWorker.invokeTestMethods(TestMethodWorker.java:126) [testng-6.11.jar:?]
	at org.testng.internal.TestMethodWorker.run(TestMethodWorker.java:109) [testng-6.11.jar:?]
	at org.testng.TestRunner.privateRun(TestRunner.java:744) [testng-6.11.jar:?]
	at org.testng.TestRunner.run(TestRunner.java:602) [testng-6.11.jar:?]
	at org.testng.SuiteRunner.runTest(SuiteRunner.java:380) [testng-6.11.jar:?]
	at org.testng.SuiteRunner.runSequentially(SuiteRunner.java:375) [testng-6.11.jar:?]
	at org.testng.SuiteRunner.privateRun(SuiteRunner.java:340) [testng-6.11.jar:?]
	at org.testng.SuiteRunner.run(SuiteRunner.java:289) [testng-6.11.jar:?]
	at org.testng.SuiteRunnerWorker.runSuite(SuiteRunnerWorker.java:52) [testng-6.11.jar:?]
	at org.testng.SuiteRunnerWorker.run(SuiteRunnerWorker.java:86) [testng-6.11.jar:?]
	at org.testng.TestNG.runSuitesSequentially(TestNG.java:1301) [testng-6.11.jar:?]
	at org.testng.TestNG.runSuitesLocally(TestNG.java:1226) [testng-6.11.jar:?]
	at org.testng.TestNG.runSuites(TestNG.java:1144) [testng-6.11.jar:?]
	at org.testng.TestNG.run(TestNG.java:1115) [testng-6.11.jar:?]
	at org.apache.maven.surefire.testng.TestNGExecutor.run(TestNGExecutor.java:135) [surefire-testng-2.22.2.jar:2.22.2]
	at org.apache.maven.surefire.testng.TestNGDirectoryTestSuite.executeMulti(TestNGDirectoryTestSuite.java:193) [surefire-testng-2.22.2.jar:2.22.2]
	at org.apache.maven.surefire.testng.TestNGDirectoryTestSuite.execute(TestNGDirectoryTestSuite.java:94) [surefire-testng-2.22.2.jar:2.22.2]
	at org.apache.maven.surefire.testng.TestNGProvider.invoke(TestNGProvider.java:146) [surefire-testng-2.22.2.jar:2.22.2]
	at org.apache.maven.surefire.booter.ForkedBooter.invokeProviderInSameClassLoader(ForkedBooter.java:384) [surefire-booter-2.22.2.jar:2.22.2]
	at org.apache.maven.surefire.booter.ForkedBooter.runSuitesInProcess(ForkedBooter.java:345) [surefire-booter-2.22.2.jar:2.22.2]
	at org.apache.maven.surefire.booter.ForkedBooter.execute(ForkedBooter.java:126) [surefire-booter-2.22.2.jar:2.22.2]
	at org.apache.maven.surefire.booter.ForkedBooter.main(ForkedBooter.java:418) [surefire-booter-2.22.2.jar:2.22.2]
2021-47-14 12:47:49.981 [main] INFO  com.miro.utils.Log - Closing Webdriver Windows
2021-52-14 12:52:59.109 [main] INFO  com.miro.utils.Log - Getting WebDriver Settings
2021-52-14 12:52:59.157 [main] INFO  com.miro.utils.Log - Found chrome as Browser
2021-52-14 12:52:59.214 [main] ERROR com.miro.utils.Log - Chrome Launch Failure: 
java.lang.IllegalStateException: The path to the driver executable must be set by the webdriver.chrome.driver system property; for more information, see https://github.com/SeleniumHQ/selenium/wiki/ChromeDriver. The latest version can be downloaded from http://chromedriver.storage.googleapis.com/index.html
	at com.google.common.base.Preconditions.checkState(Preconditions.java:847) ~[guava-25.0-jre.jar:?]
	at org.openqa.selenium.remote.service.DriverService.findExecutable(DriverService.java:134) ~[client-combined-3.141.59.jar:1.3]
	at org.openqa.selenium.chrome.ChromeDriverService.access$000(ChromeDriverService.java:35) ~[client-combined-3.141.59.jar:1.3]
	at org.openqa.selenium.chrome.ChromeDriverService$Builder.findDefaultExecutable(ChromeDriverService.java:159) ~[client-combined-3.141.59.jar:1.3]
	at org.openqa.selenium.remote.service.DriverService$Builder.build(DriverService.java:355) ~[client-combined-3.141.59.jar:1.3]
	at org.openqa.selenium.chrome.ChromeDriverService.createDefaultService(ChromeDriverService.java:94) ~[client-combined-3.141.59.jar:1.3]
	at org.openqa.selenium.chrome.ChromeDriver.<init>(ChromeDriver.java:123) ~[client-combined-3.141.59.jar:1.3]
	at com.miro.base.TestBase.setUp(TestBase.java:34) [test-classes/:?]
	at jdk.internal.reflect.NativeMethodAccessorImpl.invoke0(Native Method) ~[?:?]
	at jdk.internal.reflect.NativeMethodAccessorImpl.invoke(NativeMethodAccessorImpl.java:62) ~[?:?]
	at jdk.internal.reflect.DelegatingMethodAccessorImpl.invoke(DelegatingMethodAccessorImpl.java:43) ~[?:?]
	at java.lang.reflect.Method.invoke(Method.java:566) ~[?:?]
	at org.testng.internal.MethodInvocationHelper.invokeMethod(MethodInvocationHelper.java:108) [testng-6.11.jar:?]
	at org.testng.internal.Invoker.invokeConfigurationMethod(Invoker.java:523) [testng-6.11.jar:?]
	at org.testng.internal.Invoker.invokeConfigurations(Invoker.java:224) [testng-6.11.jar:?]
	at org.testng.internal.Invoker.invokeMethod(Invoker.java:599) [testng-6.11.jar:?]
	at org.testng.internal.Invoker.invokeTestMethod(Invoker.java:869) [testng-6.11.jar:?]
	at org.testng.internal.Invoker.invokeTestMethods(Invoker.java:1193) [testng-6.11.jar:?]
	at org.testng.internal.TestMethodWorker.invokeTestMethods(TestMethodWorker.java:126) [testng-6.11.jar:?]
	at org.testng.internal.TestMethodWorker.run(TestMethodWorker.java:109) [testng-6.11.jar:?]
	at org.testng.TestRunner.privateRun(TestRunner.java:744) [testng-6.11.jar:?]
	at org.testng.TestRunner.run(TestRunner.java:602) [testng-6.11.jar:?]
	at org.testng.SuiteRunner.runTest(SuiteRunner.java:380) [testng-6.11.jar:?]
	at org.testng.SuiteRunner.runSequentially(SuiteRunner.java:375) [testng-6.11.jar:?]
	at org.testng.SuiteRunner.privateRun(SuiteRunner.java:340) [testng-6.11.jar:?]
	at org.testng.SuiteRunner.run(SuiteRunner.java:289) [testng-6.11.jar:?]
	at org.testng.SuiteRunnerWorker.runSuite(SuiteRunnerWorker.java:52) [testng-6.11.jar:?]
	at org.testng.SuiteRunnerWorker.run(SuiteRunnerWorker.java:86) [testng-6.11.jar:?]
	at org.testng.TestNG.runSuitesSequentially(TestNG.java:1301) [testng-6.11.jar:?]
	at org.testng.TestNG.runSuitesLocally(TestNG.java:1226) [testng-6.11.jar:?]
	at org.testng.TestNG.runSuites(TestNG.java:1144) [testng-6.11.jar:?]
	at org.testng.TestNG.run(TestNG.java:1115) [testng-6.11.jar:?]
	at com.intellij.rt.testng.IDEARemoteTestNG.run(IDEARemoteTestNG.java:66) [testng-rt.jar:?]
	at com.intellij.rt.testng.RemoteTestNGStarter.main(RemoteTestNGStarter.java:109) [testng-rt.jar:?]
2021-52-14 12:52:59.319 [main] INFO  com.miro.utils.Log - Closing Webdriver Windows
2021-57-14 12:57:28.697 [main] INFO  com.miro.utils.Log - Getting WebDriver Settings
2021-57-14 12:57:28.744 [main] INFO  com.miro.utils.Log - Found chrome as Browser
2021-57-14 12:57:28.798 [main] ERROR com.miro.utils.Log - Chrome Launch Failure: 
java.lang.IllegalStateException: The path to the driver executable must be set by the webdriver.chrome.driver system property; for more information, see https://github.com/SeleniumHQ/selenium/wiki/ChromeDriver. The latest version can be downloaded from http://chromedriver.storage.googleapis.com/index.html
	at com.google.common.base.Preconditions.checkState(Preconditions.java:847) ~[guava-25.0-jre.jar:?]
	at org.openqa.selenium.remote.service.DriverService.findExecutable(DriverService.java:134) ~[client-combined-3.141.59.jar:1.3]
	at org.openqa.selenium.chrome.ChromeDriverService.access$000(ChromeDriverService.java:35) ~[client-combined-3.141.59.jar:1.3]
	at org.openqa.selenium.chrome.ChromeDriverService$Builder.findDefaultExecutable(ChromeDriverService.java:159) ~[client-combined-3.141.59.jar:1.3]
	at org.openqa.selenium.remote.service.DriverService$Builder.build(DriverService.java:355) ~[client-combined-3.141.59.jar:1.3]
	at org.openqa.selenium.chrome.ChromeDriverService.createDefaultService(ChromeDriverService.java:94) ~[client-combined-3.141.59.jar:1.3]
	at org.openqa.selenium.chrome.ChromeDriver.<init>(ChromeDriver.java:123) ~[client-combined-3.141.59.jar:1.3]
	at com.miro.base.TestBase.setUp(TestBase.java:34) [test-classes/:?]
	at jdk.internal.reflect.NativeMethodAccessorImpl.invoke0(Native Method) ~[?:?]
	at jdk.internal.reflect.NativeMethodAccessorImpl.invoke(NativeMethodAccessorImpl.java:62) ~[?:?]
	at jdk.internal.reflect.DelegatingMethodAccessorImpl.invoke(DelegatingMethodAccessorImpl.java:43) ~[?:?]
	at java.lang.reflect.Method.invoke(Method.java:566) ~[?:?]
	at org.testng.internal.MethodInvocationHelper.invokeMethod(MethodInvocationHelper.java:108) [testng-6.11.jar:?]
	at org.testng.internal.Invoker.invokeConfigurationMethod(Invoker.java:523) [testng-6.11.jar:?]
	at org.testng.internal.Invoker.invokeConfigurations(Invoker.java:224) [testng-6.11.jar:?]
	at org.testng.internal.Invoker.invokeMethod(Invoker.java:599) [testng-6.11.jar:?]
	at org.testng.internal.Invoker.invokeTestMethod(Invoker.java:869) [testng-6.11.jar:?]
	at org.testng.internal.Invoker.invokeTestMethods(Invoker.java:1193) [testng-6.11.jar:?]
	at org.testng.internal.TestMethodWorker.invokeTestMethods(TestMethodWorker.java:126) [testng-6.11.jar:?]
	at org.testng.internal.TestMethodWorker.run(TestMethodWorker.java:109) [testng-6.11.jar:?]
	at org.testng.TestRunner.privateRun(TestRunner.java:744) [testng-6.11.jar:?]
	at org.testng.TestRunner.run(TestRunner.java:602) [testng-6.11.jar:?]
	at org.testng.SuiteRunner.runTest(SuiteRunner.java:380) [testng-6.11.jar:?]
	at org.testng.SuiteRunner.runSequentially(SuiteRunner.java:375) [testng-6.11.jar:?]
	at org.testng.SuiteRunner.privateRun(SuiteRunner.java:340) [testng-6.11.jar:?]
	at org.testng.SuiteRunner.run(SuiteRunner.java:289) [testng-6.11.jar:?]
	at org.testng.SuiteRunnerWorker.runSuite(SuiteRunnerWorker.java:52) [testng-6.11.jar:?]
	at org.testng.SuiteRunnerWorker.run(SuiteRunnerWorker.java:86) [testng-6.11.jar:?]
	at org.testng.TestNG.runSuitesSequentially(TestNG.java:1301) [testng-6.11.jar:?]
	at org.testng.TestNG.runSuitesLocally(TestNG.java:1226) [testng-6.11.jar:?]
	at org.testng.TestNG.runSuites(TestNG.java:1144) [testng-6.11.jar:?]
	at org.testng.TestNG.run(TestNG.java:1115) [testng-6.11.jar:?]
	at com.intellij.rt.testng.IDEARemoteTestNG.run(IDEARemoteTestNG.java:66) [testng-rt.jar:?]
	at com.intellij.rt.testng.RemoteTestNGStarter.main(RemoteTestNGStarter.java:109) [testng-rt.jar:?]
2021-57-14 12:57:28.903 [main] INFO  com.miro.utils.Log - Closing Webdriver Windows
2021-58-14 12:58:51.844 [main] INFO  com.miro.utils.Log - Getting WebDriver Settings
2021-58-14 12:58:51.898 [main] INFO  com.miro.utils.Log - Found chrome as Browser
2021-58-14 12:58:51.955 [main] ERROR com.miro.utils.Log - Chrome Launch Failure: 
java.lang.IllegalStateException: The path to the driver executable must be set by the webdriver.chrome.driver system property; for more information, see https://github.com/SeleniumHQ/selenium/wiki/ChromeDriver. The latest version can be downloaded from http://chromedriver.storage.googleapis.com/index.html
	at com.google.common.base.Preconditions.checkState(Preconditions.java:847) ~[guava-25.0-jre.jar:?]
	at org.openqa.selenium.remote.service.DriverService.findExecutable(DriverService.java:134) ~[client-combined-3.141.59.jar:1.3]
	at org.openqa.selenium.chrome.ChromeDriverService.access$000(ChromeDriverService.java:35) ~[client-combined-3.141.59.jar:1.3]
	at org.openqa.selenium.chrome.ChromeDriverService$Builder.findDefaultExecutable(ChromeDriverService.java:159) ~[client-combined-3.141.59.jar:1.3]
	at org.openqa.selenium.remote.service.DriverService$Builder.build(DriverService.java:355) ~[client-combined-3.141.59.jar:1.3]
	at org.openqa.selenium.chrome.ChromeDriverService.createDefaultService(ChromeDriverService.java:94) ~[client-combined-3.141.59.jar:1.3]
	at org.openqa.selenium.chrome.ChromeDriver.<init>(ChromeDriver.java:123) ~[client-combined-3.141.59.jar:1.3]
	at com.miro.base.TestBase.setUp(TestBase.java:34) [test-classes/:?]
	at jdk.internal.reflect.NativeMethodAccessorImpl.invoke0(Native Method) ~[?:?]
	at jdk.internal.reflect.NativeMethodAccessorImpl.invoke(NativeMethodAccessorImpl.java:62) ~[?:?]
	at jdk.internal.reflect.DelegatingMethodAccessorImpl.invoke(DelegatingMethodAccessorImpl.java:43) ~[?:?]
	at java.lang.reflect.Method.invoke(Method.java:566) ~[?:?]
	at org.testng.internal.MethodInvocationHelper.invokeMethod(MethodInvocationHelper.java:108) [testng-6.11.jar:?]
	at org.testng.internal.Invoker.invokeConfigurationMethod(Invoker.java:523) [testng-6.11.jar:?]
	at org.testng.internal.Invoker.invokeConfigurations(Invoker.java:224) [testng-6.11.jar:?]
	at org.testng.internal.Invoker.invokeMethod(Invoker.java:599) [testng-6.11.jar:?]
	at org.testng.internal.Invoker.invokeTestMethod(Invoker.java:869) [testng-6.11.jar:?]
	at org.testng.internal.Invoker.invokeTestMethods(Invoker.java:1193) [testng-6.11.jar:?]
	at org.testng.internal.TestMethodWorker.invokeTestMethods(TestMethodWorker.java:126) [testng-6.11.jar:?]
	at org.testng.internal.TestMethodWorker.run(TestMethodWorker.java:109) [testng-6.11.jar:?]
	at org.testng.TestRunner.privateRun(TestRunner.java:744) [testng-6.11.jar:?]
	at org.testng.TestRunner.run(TestRunner.java:602) [testng-6.11.jar:?]
	at org.testng.SuiteRunner.runTest(SuiteRunner.java:380) [testng-6.11.jar:?]
	at org.testng.SuiteRunner.runSequentially(SuiteRunner.java:375) [testng-6.11.jar:?]
	at org.testng.SuiteRunner.privateRun(SuiteRunner.java:340) [testng-6.11.jar:?]
	at org.testng.SuiteRunner.run(SuiteRunner.java:289) [testng-6.11.jar:?]
	at org.testng.SuiteRunnerWorker.runSuite(SuiteRunnerWorker.java:52) [testng-6.11.jar:?]
	at org.testng.SuiteRunnerWorker.run(SuiteRunnerWorker.java:86) [testng-6.11.jar:?]
	at org.testng.TestNG.runSuitesSequentially(TestNG.java:1301) [testng-6.11.jar:?]
	at org.testng.TestNG.runSuitesLocally(TestNG.java:1226) [testng-6.11.jar:?]
	at org.testng.TestNG.runSuites(TestNG.java:1144) [testng-6.11.jar:?]
	at org.testng.TestNG.run(TestNG.java:1115) [testng-6.11.jar:?]
	at com.intellij.rt.testng.IDEARemoteTestNG.run(IDEARemoteTestNG.java:66) [testng-rt.jar:?]
	at com.intellij.rt.testng.RemoteTestNGStarter.main(RemoteTestNGStarter.java:109) [testng-rt.jar:?]
2021-58-14 12:58:52.060 [main] INFO  com.miro.utils.Log - Closing Webdriver Windows
2021-07-14 13:07:03.659 [main] INFO  com.miro.utils.Log - Getting WebDriver Settings
2021-07-14 13:07:03.706 [main] ERROR com.miro.utils.Log - Browser Launch Failure: 
java.lang.Exception: Browser or Browser Driver is not supported yet.
	at com.miro.base.TestBase.setUp(TestBase.java:40) [test-classes/:?]
	at jdk.internal.reflect.NativeMethodAccessorImpl.invoke0(Native Method) ~[?:?]
	at jdk.internal.reflect.NativeMethodAccessorImpl.invoke(NativeMethodAccessorImpl.java:62) ~[?:?]
	at jdk.internal.reflect.DelegatingMethodAccessorImpl.invoke(DelegatingMethodAccessorImpl.java:43) ~[?:?]
	at java.lang.reflect.Method.invoke(Method.java:566) ~[?:?]
	at org.testng.internal.MethodInvocationHelper.invokeMethod(MethodInvocationHelper.java:108) [testng-6.11.jar:?]
	at org.testng.internal.Invoker.invokeConfigurationMethod(Invoker.java:523) [testng-6.11.jar:?]
	at org.testng.internal.Invoker.invokeConfigurations(Invoker.java:224) [testng-6.11.jar:?]
	at org.testng.internal.Invoker.invokeMethod(Invoker.java:599) [testng-6.11.jar:?]
	at org.testng.internal.Invoker.invokeTestMethod(Invoker.java:869) [testng-6.11.jar:?]
	at org.testng.internal.Invoker.invokeTestMethods(Invoker.java:1193) [testng-6.11.jar:?]
	at org.testng.internal.TestMethodWorker.invokeTestMethods(TestMethodWorker.java:126) [testng-6.11.jar:?]
	at org.testng.internal.TestMethodWorker.run(TestMethodWorker.java:109) [testng-6.11.jar:?]
	at org.testng.TestRunner.privateRun(TestRunner.java:744) [testng-6.11.jar:?]
	at org.testng.TestRunner.run(TestRunner.java:602) [testng-6.11.jar:?]
	at org.testng.SuiteRunner.runTest(SuiteRunner.java:380) [testng-6.11.jar:?]
	at org.testng.SuiteRunner.runSequentially(SuiteRunner.java:375) [testng-6.11.jar:?]
	at org.testng.SuiteRunner.privateRun(SuiteRunner.java:340) [testng-6.11.jar:?]
	at org.testng.SuiteRunner.run(SuiteRunner.java:289) [testng-6.11.jar:?]
	at org.testng.SuiteRunnerWorker.runSuite(SuiteRunnerWorker.java:52) [testng-6.11.jar:?]
	at org.testng.SuiteRunnerWorker.run(SuiteRunnerWorker.java:86) [testng-6.11.jar:?]
	at org.testng.TestNG.runSuitesSequentially(TestNG.java:1301) [testng-6.11.jar:?]
	at org.testng.TestNG.runSuitesLocally(TestNG.java:1226) [testng-6.11.jar:?]
	at org.testng.TestNG.runSuites(TestNG.java:1144) [testng-6.11.jar:?]
	at org.testng.TestNG.run(TestNG.java:1115) [testng-6.11.jar:?]
	at com.intellij.rt.testng.IDEARemoteTestNG.run(IDEARemoteTestNG.java:66) [testng-rt.jar:?]
	at com.intellij.rt.testng.RemoteTestNGStarter.main(RemoteTestNGStarter.java:109) [testng-rt.jar:?]
2021-07-14 13:07:03.814 [main] INFO  com.miro.utils.Log - Closing Webdriver Windows
2021-18-14 13:18:41.215 [main] INFO  com.miro.utils.Log - Getting WebDriver Settings
2021-18-14 13:18:41.268 [main] ERROR com.miro.utils.Log - Browser Launch Failure: 
java.lang.Exception: Browser or Browser Driver is not supported yet.
	at com.miro.base.TestBase.setUp(TestBase.java:41) [test-classes/:?]
	at jdk.internal.reflect.NativeMethodAccessorImpl.invoke0(Native Method) ~[?:?]
	at jdk.internal.reflect.NativeMethodAccessorImpl.invoke(NativeMethodAccessorImpl.java:62) ~[?:?]
	at jdk.internal.reflect.DelegatingMethodAccessorImpl.invoke(DelegatingMethodAccessorImpl.java:43) ~[?:?]
	at java.lang.reflect.Method.invoke(Method.java:566) ~[?:?]
	at org.testng.internal.MethodInvocationHelper.invokeMethod(MethodInvocationHelper.java:108) [testng-6.11.jar:?]
	at org.testng.internal.Invoker.invokeConfigurationMethod(Invoker.java:523) [testng-6.11.jar:?]
	at org.testng.internal.Invoker.invokeConfigurations(Invoker.java:224) [testng-6.11.jar:?]
	at org.testng.internal.Invoker.invokeMethod(Invoker.java:599) [testng-6.11.jar:?]
	at org.testng.internal.Invoker.invokeTestMethod(Invoker.java:869) [testng-6.11.jar:?]
	at org.testng.internal.Invoker.invokeTestMethods(Invoker.java:1193) [testng-6.11.jar:?]
	at org.testng.internal.TestMethodWorker.invokeTestMethods(TestMethodWorker.java:126) [testng-6.11.jar:?]
	at org.testng.internal.TestMethodWorker.run(TestMethodWorker.java:109) [testng-6.11.jar:?]
	at org.testng.TestRunner.privateRun(TestRunner.java:744) [testng-6.11.jar:?]
	at org.testng.TestRunner.run(TestRunner.java:602) [testng-6.11.jar:?]
	at org.testng.SuiteRunner.runTest(SuiteRunner.java:380) [testng-6.11.jar:?]
	at org.testng.SuiteRunner.runSequentially(SuiteRunner.java:375) [testng-6.11.jar:?]
	at org.testng.SuiteRunner.privateRun(SuiteRunner.java:340) [testng-6.11.jar:?]
	at org.testng.SuiteRunner.run(SuiteRunner.java:289) [testng-6.11.jar:?]
	at org.testng.SuiteRunnerWorker.runSuite(SuiteRunnerWorker.java:52) [testng-6.11.jar:?]
	at org.testng.SuiteRunnerWorker.run(SuiteRunnerWorker.java:86) [testng-6.11.jar:?]
	at org.testng.TestNG.runSuitesSequentially(TestNG.java:1301) [testng-6.11.jar:?]
	at org.testng.TestNG.runSuitesLocally(TestNG.java:1226) [testng-6.11.jar:?]
	at org.testng.TestNG.runSuites(TestNG.java:1144) [testng-6.11.jar:?]
	at org.testng.TestNG.run(TestNG.java:1115) [testng-6.11.jar:?]
	at com.intellij.rt.testng.IDEARemoteTestNG.run(IDEARemoteTestNG.java:66) [testng-rt.jar:?]
	at com.intellij.rt.testng.RemoteTestNGStarter.main(RemoteTestNGStarter.java:109) [testng-rt.jar:?]
2021-18-14 13:18:41.386 [main] INFO  com.miro.utils.Log - Closing Webdriver Windows
2021-20-14 13:20:57.796 [main] INFO  com.miro.utils.Log - Getting WebDriver Settings
2021-20-14 13:20:57.844 [main] ERROR com.miro.utils.Log - Browser Launch Failure: 
java.lang.Exception: Browser or Browser Driver is not supported yet.
	at com.miro.base.TestBase.setUp(TestBase.java:41) [test-classes/:?]
	at jdk.internal.reflect.NativeMethodAccessorImpl.invoke0(Native Method) ~[?:?]
	at jdk.internal.reflect.NativeMethodAccessorImpl.invoke(NativeMethodAccessorImpl.java:62) ~[?:?]
	at jdk.internal.reflect.DelegatingMethodAccessorImpl.invoke(DelegatingMethodAccessorImpl.java:43) ~[?:?]
	at java.lang.reflect.Method.invoke(Method.java:566) ~[?:?]
	at org.testng.internal.MethodInvocationHelper.invokeMethod(MethodInvocationHelper.java:108) [testng-6.11.jar:?]
	at org.testng.internal.Invoker.invokeConfigurationMethod(Invoker.java:523) [testng-6.11.jar:?]
	at org.testng.internal.Invoker.invokeConfigurations(Invoker.java:224) [testng-6.11.jar:?]
	at org.testng.internal.Invoker.invokeMethod(Invoker.java:599) [testng-6.11.jar:?]
	at org.testng.internal.Invoker.invokeTestMethod(Invoker.java:869) [testng-6.11.jar:?]
	at org.testng.internal.Invoker.invokeTestMethods(Invoker.java:1193) [testng-6.11.jar:?]
	at org.testng.internal.TestMethodWorker.invokeTestMethods(TestMethodWorker.java:126) [testng-6.11.jar:?]
	at org.testng.internal.TestMethodWorker.run(TestMethodWorker.java:109) [testng-6.11.jar:?]
	at org.testng.TestRunner.privateRun(TestRunner.java:744) [testng-6.11.jar:?]
	at org.testng.TestRunner.run(TestRunner.java:602) [testng-6.11.jar:?]
	at org.testng.SuiteRunner.runTest(SuiteRunner.java:380) [testng-6.11.jar:?]
	at org.testng.SuiteRunner.runSequentially(SuiteRunner.java:375) [testng-6.11.jar:?]
	at org.testng.SuiteRunner.privateRun(SuiteRunner.java:340) [testng-6.11.jar:?]
	at org.testng.SuiteRunner.run(SuiteRunner.java:289) [testng-6.11.jar:?]
	at org.testng.SuiteRunnerWorker.runSuite(SuiteRunnerWorker.java:52) [testng-6.11.jar:?]
	at org.testng.SuiteRunnerWorker.run(SuiteRunnerWorker.java:86) [testng-6.11.jar:?]
	at org.testng.TestNG.runSuitesSequentially(TestNG.java:1301) [testng-6.11.jar:?]
	at org.testng.TestNG.runSuitesLocally(TestNG.java:1226) [testng-6.11.jar:?]
	at org.testng.TestNG.runSuites(TestNG.java:1144) [testng-6.11.jar:?]
	at org.testng.TestNG.run(TestNG.java:1115) [testng-6.11.jar:?]
	at com.intellij.rt.testng.IDEARemoteTestNG.run(IDEARemoteTestNG.java:66) [testng-rt.jar:?]
	at com.intellij.rt.testng.RemoteTestNGStarter.main(RemoteTestNGStarter.java:109) [testng-rt.jar:?]
2021-20-14 13:20:57.948 [main] INFO  com.miro.utils.Log - Closing Webdriver Windows
2021-27-14 13:27:21.819 [main] INFO  com.miro.utils.Log - Getting WebDriver Settings
2021-27-14 13:27:21.870 [main] INFO  com.miro.utils.Log - Found chrome as Browser
2021-27-14 13:27:21.932 [main] ERROR com.miro.utils.Log - Chrome Launch Failure: 
java.lang.IllegalStateException: The path to the driver executable must be set by the webdriver.chrome.driver system property; for more information, see https://github.com/SeleniumHQ/selenium/wiki/ChromeDriver. The latest version can be downloaded from http://chromedriver.storage.googleapis.com/index.html
	at com.google.common.base.Preconditions.checkState(Preconditions.java:847) ~[guava-25.0-jre.jar:?]
	at org.openqa.selenium.remote.service.DriverService.findExecutable(DriverService.java:134) ~[client-combined-3.141.59.jar:1.3]
	at org.openqa.selenium.chrome.ChromeDriverService.access$000(ChromeDriverService.java:35) ~[client-combined-3.141.59.jar:1.3]
	at org.openqa.selenium.chrome.ChromeDriverService$Builder.findDefaultExecutable(ChromeDriverService.java:159) ~[client-combined-3.141.59.jar:1.3]
	at org.openqa.selenium.remote.service.DriverService$Builder.build(DriverService.java:355) ~[client-combined-3.141.59.jar:1.3]
	at org.openqa.selenium.chrome.ChromeDriverService.createDefaultService(ChromeDriverService.java:94) ~[client-combined-3.141.59.jar:1.3]
	at org.openqa.selenium.chrome.ChromeDriver.<init>(ChromeDriver.java:123) ~[client-combined-3.141.59.jar:1.3]
	at com.miro.base.TestBase.setUp(TestBase.java:39) [test-classes/:?]
	at jdk.internal.reflect.NativeMethodAccessorImpl.invoke0(Native Method) ~[?:?]
	at jdk.internal.reflect.NativeMethodAccessorImpl.invoke(NativeMethodAccessorImpl.java:62) ~[?:?]
	at jdk.internal.reflect.DelegatingMethodAccessorImpl.invoke(DelegatingMethodAccessorImpl.java:43) ~[?:?]
	at java.lang.reflect.Method.invoke(Method.java:566) ~[?:?]
	at org.testng.internal.MethodInvocationHelper.invokeMethod(MethodInvocationHelper.java:108) [testng-6.11.jar:?]
	at org.testng.internal.Invoker.invokeConfigurationMethod(Invoker.java:523) [testng-6.11.jar:?]
	at org.testng.internal.Invoker.invokeConfigurations(Invoker.java:224) [testng-6.11.jar:?]
	at org.testng.internal.Invoker.invokeMethod(Invoker.java:599) [testng-6.11.jar:?]
	at org.testng.internal.Invoker.invokeTestMethod(Invoker.java:869) [testng-6.11.jar:?]
	at org.testng.internal.Invoker.invokeTestMethods(Invoker.java:1193) [testng-6.11.jar:?]
	at org.testng.internal.TestMethodWorker.invokeTestMethods(TestMethodWorker.java:126) [testng-6.11.jar:?]
	at org.testng.internal.TestMethodWorker.run(TestMethodWorker.java:109) [testng-6.11.jar:?]
	at org.testng.TestRunner.privateRun(TestRunner.java:744) [testng-6.11.jar:?]
	at org.testng.TestRunner.run(TestRunner.java:602) [testng-6.11.jar:?]
	at org.testng.SuiteRunner.runTest(SuiteRunner.java:380) [testng-6.11.jar:?]
	at org.testng.SuiteRunner.runSequentially(SuiteRunner.java:375) [testng-6.11.jar:?]
	at org.testng.SuiteRunner.privateRun(SuiteRunner.java:340) [testng-6.11.jar:?]
	at org.testng.SuiteRunner.run(SuiteRunner.java:289) [testng-6.11.jar:?]
	at org.testng.SuiteRunnerWorker.runSuite(SuiteRunnerWorker.java:52) [testng-6.11.jar:?]
	at org.testng.SuiteRunnerWorker.run(SuiteRunnerWorker.java:86) [testng-6.11.jar:?]
	at org.testng.TestNG.runSuitesSequentially(TestNG.java:1301) [testng-6.11.jar:?]
	at org.testng.TestNG.runSuitesLocally(TestNG.java:1226) [testng-6.11.jar:?]
	at org.testng.TestNG.runSuites(TestNG.java:1144) [testng-6.11.jar:?]
	at org.testng.TestNG.run(TestNG.java:1115) [testng-6.11.jar:?]
	at com.intellij.rt.testng.IDEARemoteTestNG.run(IDEARemoteTestNG.java:66) [testng-rt.jar:?]
	at com.intellij.rt.testng.RemoteTestNGStarter.main(RemoteTestNGStarter.java:109) [testng-rt.jar:?]
2021-27-14 13:27:22.038 [main] INFO  com.miro.utils.Log - Closing Webdriver Windows
2021-28-14 13:28:29.852 [main] INFO  com.miro.utils.Log - Getting WebDriver Settings
2021-28-14 13:28:29.902 [main] INFO  com.miro.utils.Log - Found chrome as Browser
2021-28-14 13:28:29.959 [main] ERROR com.miro.utils.Log - Chrome Launch Failure: 
java.lang.IllegalStateException: The path to the driver executable must be set by the webdriver.chrome.driver system property; for more information, see https://github.com/SeleniumHQ/selenium/wiki/ChromeDriver. The latest version can be downloaded from http://chromedriver.storage.googleapis.com/index.html
	at com.google.common.base.Preconditions.checkState(Preconditions.java:847) ~[guava-25.0-jre.jar:?]
	at org.openqa.selenium.remote.service.DriverService.findExecutable(DriverService.java:134) ~[client-combined-3.141.59.jar:1.3]
	at org.openqa.selenium.chrome.ChromeDriverService.access$000(ChromeDriverService.java:35) ~[client-combined-3.141.59.jar:1.3]
	at org.openqa.selenium.chrome.ChromeDriverService$Builder.findDefaultExecutable(ChromeDriverService.java:159) ~[client-combined-3.141.59.jar:1.3]
	at org.openqa.selenium.remote.service.DriverService$Builder.build(DriverService.java:355) ~[client-combined-3.141.59.jar:1.3]
	at org.openqa.selenium.chrome.ChromeDriverService.createDefaultService(ChromeDriverService.java:94) ~[client-combined-3.141.59.jar:1.3]
	at org.openqa.selenium.chrome.ChromeDriver.<init>(ChromeDriver.java:123) ~[client-combined-3.141.59.jar:1.3]
	at com.miro.base.TestBase.setUp(TestBase.java:39) [test-classes/:?]
	at jdk.internal.reflect.NativeMethodAccessorImpl.invoke0(Native Method) ~[?:?]
	at jdk.internal.reflect.NativeMethodAccessorImpl.invoke(NativeMethodAccessorImpl.java:62) ~[?:?]
	at jdk.internal.reflect.DelegatingMethodAccessorImpl.invoke(DelegatingMethodAccessorImpl.java:43) ~[?:?]
	at java.lang.reflect.Method.invoke(Method.java:566) ~[?:?]
	at org.testng.internal.MethodInvocationHelper.invokeMethod(MethodInvocationHelper.java:108) [testng-6.11.jar:?]
	at org.testng.internal.Invoker.invokeConfigurationMethod(Invoker.java:523) [testng-6.11.jar:?]
	at org.testng.internal.Invoker.invokeConfigurations(Invoker.java:224) [testng-6.11.jar:?]
	at org.testng.internal.Invoker.invokeMethod(Invoker.java:599) [testng-6.11.jar:?]
	at org.testng.internal.Invoker.invokeTestMethod(Invoker.java:869) [testng-6.11.jar:?]
	at org.testng.internal.Invoker.invokeTestMethods(Invoker.java:1193) [testng-6.11.jar:?]
	at org.testng.internal.TestMethodWorker.invokeTestMethods(TestMethodWorker.java:126) [testng-6.11.jar:?]
	at org.testng.internal.TestMethodWorker.run(TestMethodWorker.java:109) [testng-6.11.jar:?]
	at org.testng.TestRunner.privateRun(TestRunner.java:744) [testng-6.11.jar:?]
	at org.testng.TestRunner.run(TestRunner.java:602) [testng-6.11.jar:?]
	at org.testng.SuiteRunner.runTest(SuiteRunner.java:380) [testng-6.11.jar:?]
	at org.testng.SuiteRunner.runSequentially(SuiteRunner.java:375) [testng-6.11.jar:?]
	at org.testng.SuiteRunner.privateRun(SuiteRunner.java:340) [testng-6.11.jar:?]
	at org.testng.SuiteRunner.run(SuiteRunner.java:289) [testng-6.11.jar:?]
	at org.testng.SuiteRunnerWorker.runSuite(SuiteRunnerWorker.java:52) [testng-6.11.jar:?]
	at org.testng.SuiteRunnerWorker.run(SuiteRunnerWorker.java:86) [testng-6.11.jar:?]
	at org.testng.TestNG.runSuitesSequentially(TestNG.java:1301) [testng-6.11.jar:?]
	at org.testng.TestNG.runSuitesLocally(TestNG.java:1226) [testng-6.11.jar:?]
	at org.testng.TestNG.runSuites(TestNG.java:1144) [testng-6.11.jar:?]
	at org.testng.TestNG.run(TestNG.java:1115) [testng-6.11.jar:?]
	at com.intellij.rt.testng.IDEARemoteTestNG.run(IDEARemoteTestNG.java:66) [testng-rt.jar:?]
	at com.intellij.rt.testng.RemoteTestNGStarter.main(RemoteTestNGStarter.java:109) [testng-rt.jar:?]
2021-28-14 13:28:30.064 [main] INFO  com.miro.utils.Log - Closing Webdriver Windows
2021-30-14 13:30:57.980 [main] INFO  com.miro.utils.Log - Getting WebDriver Settings
2021-30-14 13:30:58.031 [main] INFO  com.miro.utils.Log - Found chrome as Browser
2021-30-14 13:30:58.085 [main] ERROR com.miro.utils.Log - Chrome Launch Failure: 
java.lang.IllegalStateException: The driver executable does not exist: /path/to/chromedriver
	at com.google.common.base.Preconditions.checkState(Preconditions.java:585) ~[guava-25.0-jre.jar:?]
	at org.openqa.selenium.remote.service.DriverService.checkExecutable(DriverService.java:146) ~[client-combined-3.141.59.jar:1.3]
	at org.openqa.selenium.remote.service.DriverService.findExecutable(DriverService.java:141) ~[client-combined-3.141.59.jar:1.3]
	at org.openqa.selenium.chrome.ChromeDriverService.access$000(ChromeDriverService.java:35) ~[client-combined-3.141.59.jar:1.3]
	at org.openqa.selenium.chrome.ChromeDriverService$Builder.findDefaultExecutable(ChromeDriverService.java:159) ~[client-combined-3.141.59.jar:1.3]
	at org.openqa.selenium.remote.service.DriverService$Builder.build(DriverService.java:355) ~[client-combined-3.141.59.jar:1.3]
	at org.openqa.selenium.chrome.ChromeDriverService.createDefaultService(ChromeDriverService.java:94) ~[client-combined-3.141.59.jar:1.3]
	at org.openqa.selenium.chrome.ChromeDriver.<init>(ChromeDriver.java:123) ~[client-combined-3.141.59.jar:1.3]
	at com.miro.base.TestBase.setUp(TestBase.java:40) [test-classes/:?]
	at jdk.internal.reflect.NativeMethodAccessorImpl.invoke0(Native Method) ~[?:?]
	at jdk.internal.reflect.NativeMethodAccessorImpl.invoke(NativeMethodAccessorImpl.java:62) ~[?:?]
	at jdk.internal.reflect.DelegatingMethodAccessorImpl.invoke(DelegatingMethodAccessorImpl.java:43) ~[?:?]
	at java.lang.reflect.Method.invoke(Method.java:566) ~[?:?]
	at org.testng.internal.MethodInvocationHelper.invokeMethod(MethodInvocationHelper.java:108) [testng-6.11.jar:?]
	at org.testng.internal.Invoker.invokeConfigurationMethod(Invoker.java:523) [testng-6.11.jar:?]
	at org.testng.internal.Invoker.invokeConfigurations(Invoker.java:224) [testng-6.11.jar:?]
	at org.testng.internal.Invoker.invokeMethod(Invoker.java:599) [testng-6.11.jar:?]
	at org.testng.internal.Invoker.invokeTestMethod(Invoker.java:869) [testng-6.11.jar:?]
	at org.testng.internal.Invoker.invokeTestMethods(Invoker.java:1193) [testng-6.11.jar:?]
	at org.testng.internal.TestMethodWorker.invokeTestMethods(TestMethodWorker.java:126) [testng-6.11.jar:?]
	at org.testng.internal.TestMethodWorker.run(TestMethodWorker.java:109) [testng-6.11.jar:?]
	at org.testng.TestRunner.privateRun(TestRunner.java:744) [testng-6.11.jar:?]
	at org.testng.TestRunner.run(TestRunner.java:602) [testng-6.11.jar:?]
	at org.testng.SuiteRunner.runTest(SuiteRunner.java:380) [testng-6.11.jar:?]
	at org.testng.SuiteRunner.runSequentially(SuiteRunner.java:375) [testng-6.11.jar:?]
	at org.testng.SuiteRunner.privateRun(SuiteRunner.java:340) [testng-6.11.jar:?]
	at org.testng.SuiteRunner.run(SuiteRunner.java:289) [testng-6.11.jar:?]
	at org.testng.SuiteRunnerWorker.runSuite(SuiteRunnerWorker.java:52) [testng-6.11.jar:?]
	at org.testng.SuiteRunnerWorker.run(SuiteRunnerWorker.java:86) [testng-6.11.jar:?]
	at org.testng.TestNG.runSuitesSequentially(TestNG.java:1301) [testng-6.11.jar:?]
	at org.testng.TestNG.runSuitesLocally(TestNG.java:1226) [testng-6.11.jar:?]
	at org.testng.TestNG.runSuites(TestNG.java:1144) [testng-6.11.jar:?]
	at org.testng.TestNG.run(TestNG.java:1115) [testng-6.11.jar:?]
	at com.intellij.rt.testng.IDEARemoteTestNG.run(IDEARemoteTestNG.java:66) [testng-rt.jar:?]
	at com.intellij.rt.testng.RemoteTestNGStarter.main(RemoteTestNGStarter.java:109) [testng-rt.jar:?]
2021-30-14 13:30:58.192 [main] INFO  com.miro.utils.Log - Closing Webdriver Windows
2021-32-14 13:32:19.830 [main] INFO  com.miro.utils.Log - Getting WebDriver Settings
2021-32-14 13:32:19.882 [main] INFO  com.miro.utils.Log - Found chrome as Browser
2021-32-14 13:32:19.943 [main] ERROR com.miro.utils.Log - Chrome Launch Failure: 
java.lang.IllegalStateException: The path to the driver executable must be set by the webdriver.chrome.driver system property; for more information, see https://github.com/SeleniumHQ/selenium/wiki/ChromeDriver. The latest version can be downloaded from http://chromedriver.storage.googleapis.com/index.html
	at com.google.common.base.Preconditions.checkState(Preconditions.java:847) ~[guava-25.0-jre.jar:?]
	at org.openqa.selenium.remote.service.DriverService.findExecutable(DriverService.java:134) ~[client-combined-3.141.59.jar:1.3]
	at org.openqa.selenium.chrome.ChromeDriverService.access$000(ChromeDriverService.java:35) ~[client-combined-3.141.59.jar:1.3]
	at org.openqa.selenium.chrome.ChromeDriverService$Builder.findDefaultExecutable(ChromeDriverService.java:159) ~[client-combined-3.141.59.jar:1.3]
	at org.openqa.selenium.remote.service.DriverService$Builder.build(DriverService.java:355) ~[client-combined-3.141.59.jar:1.3]
	at org.openqa.selenium.chrome.ChromeDriverService.createDefaultService(ChromeDriverService.java:94) ~[client-combined-3.141.59.jar:1.3]
	at org.openqa.selenium.chrome.ChromeDriver.<init>(ChromeDriver.java:123) ~[client-combined-3.141.59.jar:1.3]
	at com.miro.base.TestBase.setUp(TestBase.java:40) [test-classes/:?]
	at jdk.internal.reflect.NativeMethodAccessorImpl.invoke0(Native Method) ~[?:?]
	at jdk.internal.reflect.NativeMethodAccessorImpl.invoke(NativeMethodAccessorImpl.java:62) ~[?:?]
	at jdk.internal.reflect.DelegatingMethodAccessorImpl.invoke(DelegatingMethodAccessorImpl.java:43) ~[?:?]
	at java.lang.reflect.Method.invoke(Method.java:566) ~[?:?]
	at org.testng.internal.MethodInvocationHelper.invokeMethod(MethodInvocationHelper.java:108) [testng-6.11.jar:?]
	at org.testng.internal.Invoker.invokeConfigurationMethod(Invoker.java:523) [testng-6.11.jar:?]
	at org.testng.internal.Invoker.invokeConfigurations(Invoker.java:224) [testng-6.11.jar:?]
	at org.testng.internal.Invoker.invokeMethod(Invoker.java:599) [testng-6.11.jar:?]
	at org.testng.internal.Invoker.invokeTestMethod(Invoker.java:869) [testng-6.11.jar:?]
	at org.testng.internal.Invoker.invokeTestMethods(Invoker.java:1193) [testng-6.11.jar:?]
	at org.testng.internal.TestMethodWorker.invokeTestMethods(TestMethodWorker.java:126) [testng-6.11.jar:?]
	at org.testng.internal.TestMethodWorker.run(TestMethodWorker.java:109) [testng-6.11.jar:?]
	at org.testng.TestRunner.privateRun(TestRunner.java:744) [testng-6.11.jar:?]
	at org.testng.TestRunner.run(TestRunner.java:602) [testng-6.11.jar:?]
	at org.testng.SuiteRunner.runTest(SuiteRunner.java:380) [testng-6.11.jar:?]
	at org.testng.SuiteRunner.runSequentially(SuiteRunner.java:375) [testng-6.11.jar:?]
	at org.testng.SuiteRunner.privateRun(SuiteRunner.java:340) [testng-6.11.jar:?]
	at org.testng.SuiteRunner.run(SuiteRunner.java:289) [testng-6.11.jar:?]
	at org.testng.SuiteRunnerWorker.runSuite(SuiteRunnerWorker.java:52) [testng-6.11.jar:?]
	at org.testng.SuiteRunnerWorker.run(SuiteRunnerWorker.java:86) [testng-6.11.jar:?]
	at org.testng.TestNG.runSuitesSequentially(TestNG.java:1301) [testng-6.11.jar:?]
	at org.testng.TestNG.runSuitesLocally(TestNG.java:1226) [testng-6.11.jar:?]
	at org.testng.TestNG.runSuites(TestNG.java:1144) [testng-6.11.jar:?]
	at org.testng.TestNG.run(TestNG.java:1115) [testng-6.11.jar:?]
	at com.intellij.rt.testng.IDEARemoteTestNG.run(IDEARemoteTestNG.java:66) [testng-rt.jar:?]
	at com.intellij.rt.testng.RemoteTestNGStarter.main(RemoteTestNGStarter.java:109) [testng-rt.jar:?]
2021-32-14 13:32:20.050 [main] INFO  com.miro.utils.Log - Closing Webdriver Windows
2021-32-14 13:32:55.125 [main] INFO  com.miro.utils.Log - Getting WebDriver Settings
2021-32-14 13:32:55.143 [main] INFO  com.miro.utils.Log - Getting WebDriver Settings
2021-32-14 13:32:55.185 [main] INFO  com.miro.utils.Log - Found chrome as Browser
2021-32-14 13:32:55.268 [main] ERROR com.miro.utils.Log - Chrome Launch Failure: 
java.lang.IllegalStateException: The driver executable does not exist: /path/to/chromedriver
	at com.google.common.base.Preconditions.checkState(Preconditions.java:585) ~[guava-25.0-jre.jar:?]
	at org.openqa.selenium.remote.service.DriverService.checkExecutable(DriverService.java:137) ~[selenium-remote-driver-3.14.0.jar:?]
	at org.openqa.selenium.remote.service.DriverService.findExecutable(DriverService.java:132) ~[selenium-remote-driver-3.14.0.jar:?]
	at org.openqa.selenium.chrome.ChromeDriverService.access$000(ChromeDriverService.java:35) ~[selenium-chrome-driver-3.14.0.jar:?]
	at org.openqa.selenium.chrome.ChromeDriverService$Builder.findDefaultExecutable(ChromeDriverService.java:156) ~[selenium-chrome-driver-3.14.0.jar:?]
	at org.openqa.selenium.remote.service.DriverService$Builder.build(DriverService.java:346) ~[selenium-remote-driver-3.14.0.jar:?]
	at org.openqa.selenium.chrome.ChromeDriverService.createDefaultService(ChromeDriverService.java:91) ~[selenium-chrome-driver-3.14.0.jar:?]
	at org.openqa.selenium.chrome.ChromeDriver.<init>(ChromeDriver.java:123) ~[selenium-chrome-driver-3.14.0.jar:?]
	at com.miro.base.TestBase.setUp(TestBase.java:40) [test-classes/:?]
	at jdk.internal.reflect.NativeMethodAccessorImpl.invoke0(Native Method) ~[?:?]
	at jdk.internal.reflect.NativeMethodAccessorImpl.invoke(NativeMethodAccessorImpl.java:64) ~[?:?]
	at jdk.internal.reflect.DelegatingMethodAccessorImpl.invoke(DelegatingMethodAccessorImpl.java:43) ~[?:?]
	at java.lang.reflect.Method.invoke(Method.java:564) ~[?:?]
	at org.testng.internal.MethodInvocationHelper.invokeMethod(MethodInvocationHelper.java:108) [testng-6.11.jar:?]
	at org.testng.internal.Invoker.invokeConfigurationMethod(Invoker.java:523) [testng-6.11.jar:?]
	at org.testng.internal.Invoker.invokeConfigurations(Invoker.java:224) [testng-6.11.jar:?]
	at org.testng.internal.Invoker.invokeMethod(Invoker.java:599) [testng-6.11.jar:?]
	at org.testng.internal.Invoker.invokeTestMethod(Invoker.java:869) [testng-6.11.jar:?]
	at org.testng.internal.Invoker.invokeTestMethods(Invoker.java:1193) [testng-6.11.jar:?]
	at org.testng.internal.TestMethodWorker.invokeTestMethods(TestMethodWorker.java:126) [testng-6.11.jar:?]
	at org.testng.internal.TestMethodWorker.run(TestMethodWorker.java:109) [testng-6.11.jar:?]
	at org.testng.TestRunner.privateRun(TestRunner.java:744) [testng-6.11.jar:?]
	at org.testng.TestRunner.run(TestRunner.java:602) [testng-6.11.jar:?]
	at org.testng.SuiteRunner.runTest(SuiteRunner.java:380) [testng-6.11.jar:?]
	at org.testng.SuiteRunner.runSequentially(SuiteRunner.java:375) [testng-6.11.jar:?]
	at org.testng.SuiteRunner.privateRun(SuiteRunner.java:340) [testng-6.11.jar:?]
	at org.testng.SuiteRunner.run(SuiteRunner.java:289) [testng-6.11.jar:?]
	at org.testng.SuiteRunnerWorker.runSuite(SuiteRunnerWorker.java:52) [testng-6.11.jar:?]
	at org.testng.SuiteRunnerWorker.run(SuiteRunnerWorker.java:86) [testng-6.11.jar:?]
	at org.testng.TestNG.runSuitesSequentially(TestNG.java:1301) [testng-6.11.jar:?]
	at org.testng.TestNG.runSuitesLocally(TestNG.java:1226) [testng-6.11.jar:?]
	at org.testng.TestNG.runSuites(TestNG.java:1144) [testng-6.11.jar:?]
	at org.testng.TestNG.run(TestNG.java:1115) [testng-6.11.jar:?]
	at org.apache.maven.surefire.testng.TestNGExecutor.run(TestNGExecutor.java:135) [surefire-testng-2.22.2.jar:2.22.2]
	at org.apache.maven.surefire.testng.TestNGDirectoryTestSuite.executeMulti(TestNGDirectoryTestSuite.java:193) [surefire-testng-2.22.2.jar:2.22.2]
	at org.apache.maven.surefire.testng.TestNGDirectoryTestSuite.execute(TestNGDirectoryTestSuite.java:94) [surefire-testng-2.22.2.jar:2.22.2]
	at org.apache.maven.surefire.testng.TestNGProvider.invoke(TestNGProvider.java:146) [surefire-testng-2.22.2.jar:2.22.2]
	at org.apache.maven.surefire.booter.ForkedBooter.invokeProviderInSameClassLoader(ForkedBooter.java:384) [surefire-booter-2.22.2.jar:2.22.2]
	at org.apache.maven.surefire.booter.ForkedBooter.runSuitesInProcess(ForkedBooter.java:345) [surefire-booter-2.22.2.jar:2.22.2]
	at org.apache.maven.surefire.booter.ForkedBooter.execute(ForkedBooter.java:126) [surefire-booter-2.22.2.jar:2.22.2]
	at org.apache.maven.surefire.booter.ForkedBooter.main(ForkedBooter.java:418) [surefire-booter-2.22.2.jar:2.22.2]
2021-32-14 13:32:55.383 [main] INFO  com.miro.utils.Log - Closing Webdriver Windows
2021-37-14 13:37:03.818 [main] INFO  com.miro.utils.Log - Getting WebDriver Settings
2021-37-14 13:37:03.869 [main] INFO  com.miro.utils.Log - Found chrome as Browser
2021-37-14 13:37:03.924 [main] ERROR com.miro.utils.Log - Chrome Launch Failure: 
java.lang.IllegalStateException: The driver executable does not exist: /Users/chrome/chromedriver
	at com.google.common.base.Preconditions.checkState(Preconditions.java:585) ~[guava-25.0-jre.jar:?]
	at org.openqa.selenium.remote.service.DriverService.checkExecutable(DriverService.java:146) ~[client-combined-3.141.59.jar:1.3]
	at org.openqa.selenium.remote.service.DriverService.findExecutable(DriverService.java:141) ~[client-combined-3.141.59.jar:1.3]
	at org.openqa.selenium.chrome.ChromeDriverService.access$000(ChromeDriverService.java:35) ~[client-combined-3.141.59.jar:1.3]
	at org.openqa.selenium.chrome.ChromeDriverService$Builder.findDefaultExecutable(ChromeDriverService.java:159) ~[client-combined-3.141.59.jar:1.3]
	at org.openqa.selenium.remote.service.DriverService$Builder.build(DriverService.java:355) ~[client-combined-3.141.59.jar:1.3]
	at org.openqa.selenium.chrome.ChromeDriverService.createDefaultService(ChromeDriverService.java:94) ~[client-combined-3.141.59.jar:1.3]
	at org.openqa.selenium.chrome.ChromeDriver.<init>(ChromeDriver.java:123) ~[client-combined-3.141.59.jar:1.3]
	at com.miro.base.TestBase.setUp(TestBase.java:40) [test-classes/:?]
	at jdk.internal.reflect.NativeMethodAccessorImpl.invoke0(Native Method) ~[?:?]
	at jdk.internal.reflect.NativeMethodAccessorImpl.invoke(NativeMethodAccessorImpl.java:62) ~[?:?]
	at jdk.internal.reflect.DelegatingMethodAccessorImpl.invoke(DelegatingMethodAccessorImpl.java:43) ~[?:?]
	at java.lang.reflect.Method.invoke(Method.java:566) ~[?:?]
	at org.testng.internal.MethodInvocationHelper.invokeMethod(MethodInvocationHelper.java:108) [testng-6.11.jar:?]
	at org.testng.internal.Invoker.invokeConfigurationMethod(Invoker.java:523) [testng-6.11.jar:?]
	at org.testng.internal.Invoker.invokeConfigurations(Invoker.java:224) [testng-6.11.jar:?]
	at org.testng.internal.Invoker.invokeMethod(Invoker.java:599) [testng-6.11.jar:?]
	at org.testng.internal.Invoker.invokeTestMethod(Invoker.java:869) [testng-6.11.jar:?]
	at org.testng.internal.Invoker.invokeTestMethods(Invoker.java:1193) [testng-6.11.jar:?]
	at org.testng.internal.TestMethodWorker.invokeTestMethods(TestMethodWorker.java:126) [testng-6.11.jar:?]
	at org.testng.internal.TestMethodWorker.run(TestMethodWorker.java:109) [testng-6.11.jar:?]
	at org.testng.TestRunner.privateRun(TestRunner.java:744) [testng-6.11.jar:?]
	at org.testng.TestRunner.run(TestRunner.java:602) [testng-6.11.jar:?]
	at org.testng.SuiteRunner.runTest(SuiteRunner.java:380) [testng-6.11.jar:?]
	at org.testng.SuiteRunner.runSequentially(SuiteRunner.java:375) [testng-6.11.jar:?]
	at org.testng.SuiteRunner.privateRun(SuiteRunner.java:340) [testng-6.11.jar:?]
	at org.testng.SuiteRunner.run(SuiteRunner.java:289) [testng-6.11.jar:?]
	at org.testng.SuiteRunnerWorker.runSuite(SuiteRunnerWorker.java:52) [testng-6.11.jar:?]
	at org.testng.SuiteRunnerWorker.run(SuiteRunnerWorker.java:86) [testng-6.11.jar:?]
	at org.testng.TestNG.runSuitesSequentially(TestNG.java:1301) [testng-6.11.jar:?]
	at org.testng.TestNG.runSuitesLocally(TestNG.java:1226) [testng-6.11.jar:?]
	at org.testng.TestNG.runSuites(TestNG.java:1144) [testng-6.11.jar:?]
	at org.testng.TestNG.run(TestNG.java:1115) [testng-6.11.jar:?]
	at com.intellij.rt.testng.IDEARemoteTestNG.run(IDEARemoteTestNG.java:66) [testng-rt.jar:?]
	at com.intellij.rt.testng.RemoteTestNGStarter.main(RemoteTestNGStarter.java:109) [testng-rt.jar:?]
2021-37-14 13:37:04.032 [main] INFO  com.miro.utils.Log - Closing Webdriver Windows
2021-37-14 13:37:31.422 [main] INFO  com.miro.utils.Log - Getting WebDriver Settings
2021-37-14 13:37:31.472 [main] INFO  com.miro.utils.Log - Found chrome as Browser
2021-37-14 13:37:31.528 [main] ERROR com.miro.utils.Log - Chrome Launch Failure: 
java.lang.IllegalStateException: The driver executable does not exist: /Downloads/selenium/chromedriver
	at com.google.common.base.Preconditions.checkState(Preconditions.java:585) ~[guava-25.0-jre.jar:?]
	at org.openqa.selenium.remote.service.DriverService.checkExecutable(DriverService.java:146) ~[client-combined-3.141.59.jar:1.3]
	at org.openqa.selenium.remote.service.DriverService.findExecutable(DriverService.java:141) ~[client-combined-3.141.59.jar:1.3]
	at org.openqa.selenium.chrome.ChromeDriverService.access$000(ChromeDriverService.java:35) ~[client-combined-3.141.59.jar:1.3]
	at org.openqa.selenium.chrome.ChromeDriverService$Builder.findDefaultExecutable(ChromeDriverService.java:159) ~[client-combined-3.141.59.jar:1.3]
	at org.openqa.selenium.remote.service.DriverService$Builder.build(DriverService.java:355) ~[client-combined-3.141.59.jar:1.3]
	at org.openqa.selenium.chrome.ChromeDriverService.createDefaultService(ChromeDriverService.java:94) ~[client-combined-3.141.59.jar:1.3]
	at org.openqa.selenium.chrome.ChromeDriver.<init>(ChromeDriver.java:123) ~[client-combined-3.141.59.jar:1.3]
	at com.miro.base.TestBase.setUp(TestBase.java:40) [test-classes/:?]
	at jdk.internal.reflect.NativeMethodAccessorImpl.invoke0(Native Method) ~[?:?]
	at jdk.internal.reflect.NativeMethodAccessorImpl.invoke(NativeMethodAccessorImpl.java:62) ~[?:?]
	at jdk.internal.reflect.DelegatingMethodAccessorImpl.invoke(DelegatingMethodAccessorImpl.java:43) ~[?:?]
	at java.lang.reflect.Method.invoke(Method.java:566) ~[?:?]
	at org.testng.internal.MethodInvocationHelper.invokeMethod(MethodInvocationHelper.java:108) [testng-6.11.jar:?]
	at org.testng.internal.Invoker.invokeConfigurationMethod(Invoker.java:523) [testng-6.11.jar:?]
	at org.testng.internal.Invoker.invokeConfigurations(Invoker.java:224) [testng-6.11.jar:?]
	at org.testng.internal.Invoker.invokeMethod(Invoker.java:599) [testng-6.11.jar:?]
	at org.testng.internal.Invoker.invokeTestMethod(Invoker.java:869) [testng-6.11.jar:?]
	at org.testng.internal.Invoker.invokeTestMethods(Invoker.java:1193) [testng-6.11.jar:?]
	at org.testng.internal.TestMethodWorker.invokeTestMethods(TestMethodWorker.java:126) [testng-6.11.jar:?]
	at org.testng.internal.TestMethodWorker.run(TestMethodWorker.java:109) [testng-6.11.jar:?]
	at org.testng.TestRunner.privateRun(TestRunner.java:744) [testng-6.11.jar:?]
	at org.testng.TestRunner.run(TestRunner.java:602) [testng-6.11.jar:?]
	at org.testng.SuiteRunner.runTest(SuiteRunner.java:380) [testng-6.11.jar:?]
	at org.testng.SuiteRunner.runSequentially(SuiteRunner.java:375) [testng-6.11.jar:?]
	at org.testng.SuiteRunner.privateRun(SuiteRunner.java:340) [testng-6.11.jar:?]
	at org.testng.SuiteRunner.run(SuiteRunner.java:289) [testng-6.11.jar:?]
	at org.testng.SuiteRunnerWorker.runSuite(SuiteRunnerWorker.java:52) [testng-6.11.jar:?]
	at org.testng.SuiteRunnerWorker.run(SuiteRunnerWorker.java:86) [testng-6.11.jar:?]
	at org.testng.TestNG.runSuitesSequentially(TestNG.java:1301) [testng-6.11.jar:?]
	at org.testng.TestNG.runSuitesLocally(TestNG.java:1226) [testng-6.11.jar:?]
	at org.testng.TestNG.runSuites(TestNG.java:1144) [testng-6.11.jar:?]
	at org.testng.TestNG.run(TestNG.java:1115) [testng-6.11.jar:?]
	at com.intellij.rt.testng.IDEARemoteTestNG.run(IDEARemoteTestNG.java:66) [testng-rt.jar:?]
	at com.intellij.rt.testng.RemoteTestNGStarter.main(RemoteTestNGStarter.java:109) [testng-rt.jar:?]
2021-37-14 13:37:31.634 [main] INFO  com.miro.utils.Log - Closing Webdriver Windows
2021-38-14 13:38:23.378 [main] INFO  com.miro.utils.Log - Getting WebDriver Settings
2021-38-14 13:38:23.426 [main] INFO  com.miro.utils.Log - Found chrome as Browser
2021-38-14 13:38:28.160 [main] INFO  com.miro.utils.Log - Closing Webdriver Windows
2021-39-14 13:39:37.498 [main] INFO  com.miro.utils.Log - Getting WebDriver Settings
2021-39-14 13:39:37.545 [main] INFO  com.miro.utils.Log - Found chrome as Browser
2021-39-14 13:39:42.941 [main] INFO  com.miro.utils.Log - Closing Webdriver Windows
2021-42-14 13:42:32.882 [main] INFO  com.miro.utils.Log - Getting WebDriver Settings
2021-42-14 13:42:32.931 [main] INFO  com.miro.utils.Log - Found chrome as Browser
2021-42-14 13:42:39.665 [main] INFO  com.miro.utils.Log - Closing Webdriver Windows
2021-43-14 13:43:42.535 [main] INFO  com.miro.utils.Log - Getting WebDriver Settings
2021-43-14 13:43:42.589 [main] INFO  com.miro.utils.Log - Found chrome as Browser
2021-43-14 13:43:47.096 [main] INFO  com.miro.utils.Log - Closing Webdriver Windows
2021-47-14 13:47:49.168 [main] INFO  com.miro.utils.Log - Getting WebDriver Settings
2021-47-14 13:47:49.212 [main] INFO  com.miro.utils.Log - Found chrome as Browser
2021-47-14 13:47:56.975 [main] INFO  com.miro.utils.Log - Closing Webdriver Windows
2021-57-14 13:57:22.737 [main] INFO  com.miro.utils.Log - Getting WebDriver Settings
2021-57-14 13:57:22.791 [main] INFO  com.miro.utils.Log - Found chrome as Browser
2021-57-14 13:57:28.461 [main] INFO  com.miro.utils.Log - Closing Webdriver Windows
2021-00-14 14:00:46.660 [main] INFO  com.miro.utils.Log - Getting WebDriver Settings
2021-00-14 14:00:46.715 [main] INFO  com.miro.utils.Log - Found chrome as Browser
2021-00-14 14:00:52.206 [main] INFO  com.miro.utils.Log - Closing Webdriver Windows
2021-01-14 14:01:30.116 [main] INFO  com.miro.utils.Log - Getting WebDriver Settings
2021-01-14 14:01:30.168 [main] INFO  com.miro.utils.Log - Found chrome as Browser
2021-01-14 14:01:35.078 [main] INFO  com.miro.utils.Log - Closing Webdriver Windows
2021-02-14 14:02:53.586 [main] INFO  com.miro.utils.Log - Getting WebDriver Settings
2021-02-14 14:02:53.635 [main] INFO  com.miro.utils.Log - Found chrome as Browser
2021-02-14 14:02:59.420 [main] INFO  com.miro.utils.Log - Closing Webdriver Windows
2021-04-14 14:04:14.551 [main] INFO  com.miro.utils.Log - Getting WebDriver Settings
2021-04-14 14:04:14.601 [main] INFO  com.miro.utils.Log - Found chrome as Browser
2021-04-14 14:04:19.955 [main] INFO  com.miro.utils.Log - Closing Webdriver Windows
2021-05-14 14:05:28.613 [main] INFO  com.miro.utils.Log - Getting WebDriver Settings
2021-05-14 14:05:28.665 [main] INFO  com.miro.utils.Log - Found chrome as Browser
2021-05-14 14:05:35.999 [main] INFO  com.miro.utils.Log - Closing Webdriver Windows
2021-08-14 14:08:21.804 [main] INFO  com.miro.utils.Log - Getting WebDriver Settings
2021-08-14 14:08:21.857 [main] INFO  com.miro.utils.Log - Found chrome as Browser
2021-08-14 14:08:30.351 [main] INFO  com.miro.utils.Log - Closing Webdriver Windows
2021-11-14 14:11:27.406 [main] INFO  com.miro.utils.Log - Getting WebDriver Settings
2021-11-14 14:11:27.462 [main] INFO  com.miro.utils.Log - Found chrome as Browser
2021-11-14 14:11:29.563 [main] INFO  com.miro.utils.Log - Closing Webdriver Windows
2021-12-14 14:12:13.004 [main] INFO  com.miro.utils.Log - Getting WebDriver Settings
2021-12-14 14:12:13.055 [main] INFO  com.miro.utils.Log - Found chrome as Browser
2021-12-14 14:12:14.946 [main] INFO  com.miro.utils.Log - Closing Webdriver Windows
2021-12-14 14:12:34.769 [main] INFO  com.miro.utils.Log - Getting WebDriver Settings
2021-12-14 14:12:34.818 [main] INFO  com.miro.utils.Log - Found chrome as Browser
2021-12-14 14:12:36.792 [main] INFO  com.miro.utils.Log - Closing Webdriver Windows
2021-22-14 14:22:28.441 [main] INFO  com.miro.utils.Log - Getting WebDriver Settings
2021-22-14 14:22:28.493 [main] INFO  com.miro.utils.Log - Found chrome as Browser
2021-22-14 14:22:33.818 [main] INFO  com.miro.utils.Log - Closing Webdriver Windows
2021-26-14 14:26:35.964 [main] INFO  com.miro.utils.Log - Getting WebDriver Settings
2021-26-14 14:26:36.015 [main] INFO  com.miro.utils.Log - Found chrome as Browser
2021-26-14 14:26:42.203 [main] INFO  com.miro.utils.Log - Closing Webdriver Windows
2021-27-14 14:27:20.005 [main] INFO  com.miro.utils.Log - Getting WebDriver Settings
2021-27-14 14:27:20.057 [main] INFO  com.miro.utils.Log - Found chrome as Browser
2021-27-14 14:27:26.357 [main] INFO  com.miro.utils.Log - Closing Webdriver Windows
2021-21-14 20:21:57.675 [main] INFO  com.miro.utils.Log - Getting WebDriver Settings
2021-21-14 20:21:57.742 [main] INFO  com.miro.utils.Log - Found chrome as Browser
2021-22-14 20:22:07.381 [main] INFO  com.miro.utils.Log - Closing Webdriver Windows
2021-53-14 22:53:25.783 [main] INFO  com.miro.utils.Log - Getting WebDriver Settings
2021-53-14 22:53:25.835 [main] INFO  com.miro.utils.Log - Found chrome as Browser
2021-53-14 22:53:31.438 [main] INFO  com.miro.utils.Log - Closing Webdriver Windows
2021-59-14 22:59:03.351 [main] INFO  com.miro.utils.Log - Getting WebDriver Settings
2021-59-14 22:59:03.402 [main] INFO  com.miro.utils.Log - Found chrome as Browser
2021-59-14 22:59:10.318 [main] INFO  com.miro.utils.Log - Closing Webdriver Windows
2021-59-14 22:59:36.668 [main] INFO  com.miro.utils.Log - Getting WebDriver Settings
2021-59-14 22:59:36.719 [main] INFO  com.miro.utils.Log - Found chrome as Browser
2021-59-14 22:59:43.687 [main] INFO  com.miro.utils.Log - Closing Webdriver Windows
2021-02-14 23:02:02.876 [main] INFO  com.miro.utils.Log - Getting WebDriver Settings
2021-02-14 23:02:02.935 [main] INFO  com.miro.utils.Log - Found chrome as Browser
2021-02-14 23:02:09.173 [main] INFO  com.miro.utils.Log - Closing Webdriver Windows
2021-12-14 23:12:50.339 [main] INFO  com.miro.utils.Log - Getting WebDriver Settings
2021-12-14 23:12:50.390 [main] INFO  com.miro.utils.Log - Found chrome as Browser
2021-12-14 23:12:56.423 [main] INFO  com.miro.utils.Log - Closing Webdriver Windows
2021-16-14 23:16:22.387 [main] INFO  com.miro.utils.Log - Getting WebDriver Settings
2021-16-14 23:16:22.440 [main] INFO  com.miro.utils.Log - Found chrome as Browser
2021-16-14 23:16:28.596 [main] INFO  com.miro.utils.Log - Closing Webdriver Windows
2021-18-14 23:18:49.333 [main] INFO  com.miro.utils.Log - Getting WebDriver Settings
2021-18-14 23:18:49.386 [main] INFO  com.miro.utils.Log - Found chrome as Browser
2021-18-14 23:18:56.253 [main] INFO  com.miro.utils.Log - Test Passed
2021-18-14 23:18:56.261 [main] INFO  com.miro.utils.Log - Closing Webdriver Windows
2021-23-14 23:23:08.456 [main] INFO  com.miro.utils.Log - Getting WebDriver Settings
2021-23-14 23:23:08.521 [main] INFO  com.miro.utils.Log - Found chrome as Browser
2021-23-14 23:23:15.052 [main] INFO  com.miro.utils.Log - Test Passed
2021-23-14 23:23:15.065 [main] INFO  com.miro.utils.Log - Closing Webdriver Windows
2021-26-14 23:26:01.937 [main] INFO  com.miro.utils.Log - Getting WebDriver Settings
2021-26-14 23:26:01.997 [main] INFO  com.miro.utils.Log - Found chrome as Browser
2021-26-14 23:26:08.809 [main] INFO  com.miro.utils.Log - Test Passed
2021-26-14 23:26:08.820 [main] INFO  com.miro.utils.Log - Closing Webdriver Windows
2021-34-14 23:34:30.919 [main] INFO  com.miro.utils.Log - Getting WebDriver Settings
2021-34-14 23:34:30.979 [main] INFO  com.miro.utils.Log - Found chrome as Browser
2021-34-14 23:34:36.871 [main] INFO  com.miro.utils.Log - Closing Webdriver Windows
2021-38-14 23:38:45.190 [main] INFO  com.miro.utils.Log - Getting WebDriver Settings
2021-38-14 23:38:45.243 [main] INFO  com.miro.utils.Log - Found chrome as Browser
2021-38-14 23:38:51.629 [main] INFO  com.miro.utils.Log - Test Failed
2021-38-14 23:38:51.637 [main] INFO  com.miro.utils.Log - Closing Webdriver Windows
2021-40-14 23:40:12.188 [main] INFO  com.miro.utils.Log - Getting WebDriver Settings
2021-40-14 23:40:12.243 [main] INFO  com.miro.utils.Log - Found chrome as Browser
2021-40-14 23:40:18.797 [main] INFO  com.miro.utils.Log - Test Passed
2021-40-14 23:40:18.805 [main] INFO  com.miro.utils.Log - Closing Webdriver Windows
2021-42-14 23:42:52.405 [main] INFO  com.miro.utils.Log - Getting WebDriver Settings
2021-42-14 23:42:52.455 [main] INFO  com.miro.utils.Log - Found chrome as Browser
2021-42-14 23:42:58.269 [main] INFO  com.miro.utils.Log - Test Passed
2021-42-14 23:42:58.278 [main] INFO  com.miro.utils.Log - Closing Webdriver Windows
2021-43-14 23:43:41.214 [main] INFO  com.miro.utils.Log - Getting WebDriver Settings
2021-43-14 23:43:41.261 [main] INFO  com.miro.utils.Log - Found chrome as Browser
2021-43-14 23:43:47.127 [main] INFO  com.miro.utils.Log - Test Passed
2021-43-14 23:43:47.134 [main] INFO  com.miro.utils.Log - Closing Webdriver Windows
2021-49-14 23:49:08.055 [main] INFO  com.miro.utils.Log - Getting WebDriver Settings
2021-49-14 23:49:08.106 [main] INFO  com.miro.utils.Log - Found chrome as Browser
2021-49-14 23:49:15.163 [main] INFO  com.miro.utils.Log - Closing Webdriver Windows
2021-51-14 23:51:03.311 [main] INFO  com.miro.utils.Log - Getting WebDriver Settings
2021-51-14 23:51:03.362 [main] INFO  com.miro.utils.Log - Found chrome as Browser
2021-51-14 23:51:09.825 [main] INFO  com.miro.utils.Log - Test Passed
2021-51-14 23:51:09.833 [main] INFO  com.miro.utils.Log - Closing Webdriver Windows
2021-52-14 23:52:00.934 [main] INFO  com.miro.utils.Log - Getting WebDriver Settings
2021-52-14 23:52:00.987 [main] INFO  com.miro.utils.Log - Found chrome as Browser
2021-52-14 23:52:08.081 [main] INFO  com.miro.utils.Log - Test Failed
2021-52-14 23:52:08.088 [main] INFO  com.miro.utils.Log - Closing Webdriver Windows
2021-58-14 23:58:26.353 [main] INFO  com.miro.utils.Log - Getting WebDriver Settings
2021-58-14 23:58:26.402 [main] INFO  com.miro.utils.Log - Found chrome as Browser
2021-58-14 23:58:33.373 [main] INFO  com.miro.utils.Log - Successfull registration
2021-58-14 23:58:33.402 [main] INFO  com.miro.utils.Log - Closing Webdriver Windows
2021-59-14 23:59:58.246 [main] INFO  com.miro.utils.Log - Getting WebDriver Settings
2021-59-14 23:59:58.297 [main] INFO  com.miro.utils.Log - Found chrome as Browser
2021-00-15 00:00:05.102 [main] INFO  com.miro.utils.Log - Successfull registration
2021-00-15 00:00:06.374 [main] INFO  com.miro.utils.Log - Test Failed
2021-00-15 00:00:06.381 [main] INFO  com.miro.utils.Log - Closing Webdriver Windows
2021-02-15 00:02:41.234 [main] INFO  com.miro.utils.Log - Getting WebDriver Settings
2021-02-15 00:02:41.283 [main] INFO  com.miro.utils.Log - Found chrome as Browser
2021-02-15 00:02:50.695 [main] INFO  com.miro.utils.Log - Successfull registration
2021-02-15 00:02:50.703 [main] INFO  com.miro.utils.Log - Closing Webdriver Windows
2021-03-15 00:03:47.155 [main] INFO  com.miro.utils.Log - Getting WebDriver Settings
2021-03-15 00:03:47.207 [main] INFO  com.miro.utils.Log - Found chrome as Browser
2021-03-15 00:03:53.867 [main] INFO  com.miro.utils.Log - Successfull registration
2021-03-15 00:03:53.875 [main] INFO  com.miro.utils.Log - Closing Webdriver Windows
2021-04-15 00:04:21.225 [main] INFO  com.miro.utils.Log - Getting WebDriver Settings
2021-04-15 00:04:21.240 [main] INFO  com.miro.utils.Log - Getting WebDriver Settings
2021-04-15 00:04:21.276 [main] INFO  com.miro.utils.Log - Found chrome as Browser
2021-04-15 00:04:25.782 [main] INFO  com.miro.utils.Log - Test Failed
2021-04-15 00:04:25.789 [main] INFO  com.miro.utils.Log - Closing Webdriver Windows
2021-04-15 00:04:25.792 [main] INFO  com.miro.utils.Log - Found chrome as Browser
2021-04-15 00:04:36.047 [main] INFO  com.miro.utils.Log - Successfull registration
2021-04-15 00:04:36.064 [main] INFO  com.miro.utils.Log - Closing Webdriver Windows
2021-07-15 00:07:28.173 [main] INFO  com.miro.utils.Log - Getting WebDriver Settings
2021-07-15 00:07:28.190 [main] INFO  com.miro.utils.Log - Getting WebDriver Settings
2021-07-15 00:07:28.225 [main] INFO  com.miro.utils.Log - Found chrome as Browser
2021-07-15 00:07:33.430 [main] INFO  com.miro.utils.Log - Error msg for Email is displayed
2021-07-15 00:07:33.438 [main] INFO  com.miro.utils.Log - Closing Webdriver Windows
2021-07-15 00:07:33.440 [main] INFO  com.miro.utils.Log - Found chrome as Browser
2021-07-15 00:07:44.175 [main] INFO  com.miro.utils.Log - Successfull registration
2021-07-15 00:07:44.177 [main] INFO  com.miro.utils.Log - Closing Webdriver Windows
2021-19-15 00:19:06.494 [main] INFO  com.miro.utils.Log - Getting WebDriver Settings
2021-19-15 00:19:06.512 [main] INFO  com.miro.utils.Log - Getting WebDriver Settings
2021-19-15 00:19:06.550 [main] INFO  com.miro.utils.Log - Found chrome as Browser
2021-19-15 00:19:11.623 [main] INFO  com.miro.utils.Log - Error msg for Email is displayed
2021-19-15 00:19:11.631 [main] INFO  com.miro.utils.Log - Closing Webdriver Windows
2021-19-15 00:19:11.634 [main] INFO  com.miro.utils.Log - Found chrome as Browser
2021-19-15 00:19:20.982 [main] INFO  com.miro.utils.Log - Closing Webdriver Windows
2021-21-15 00:21:36.741 [main] INFO  com.miro.utils.Log - Getting WebDriver Settings
2021-21-15 00:21:36.795 [main] INFO  com.miro.utils.Log - Found chrome as Browser
2021-21-15 00:21:42.764 [main] INFO  com.miro.utils.Log - Closing Webdriver Windows
2021-23-15 00:23:39.368 [main] INFO  com.miro.utils.Log - Getting WebDriver Settings
2021-23-15 00:23:39.418 [main] INFO  com.miro.utils.Log - Found chrome as Browser
2021-23-15 00:23:44.371 [main] INFO  com.miro.utils.Log - Closing Webdriver Windows
2021-24-15 00:24:13.477 [main] INFO  com.miro.utils.Log - Getting WebDriver Settings
2021-24-15 00:24:13.526 [main] INFO  com.miro.utils.Log - Found chrome as Browser
2021-24-15 00:24:21.258 [main] INFO  com.miro.utils.Log - Closing Webdriver Windows
2021-25-15 00:25:06.414 [main] INFO  com.miro.utils.Log - Getting WebDriver Settings
2021-25-15 00:25:06.464 [main] INFO  com.miro.utils.Log - Found chrome as Browser
2021-25-15 00:25:12.700 [main] INFO  com.miro.utils.Log - Successfull registration
2021-25-15 00:25:12.708 [main] INFO  com.miro.utils.Log - Closing Webdriver Windows
2021-28-15 00:28:50.457 [main] INFO  com.miro.utils.Log - Getting WebDriver Settings
2021-28-15 00:28:50.516 [main] INFO  com.miro.utils.Log - Found chrome as Browser
2021-28-15 00:28:55.421 [main] INFO  com.miro.utils.Log - Closing Webdriver Windows
2021-29-15 00:29:41.413 [main] INFO  com.miro.utils.Log - Getting WebDriver Settings
2021-29-15 00:29:41.463 [main] INFO  com.miro.utils.Log - Found chrome as Browser
2021-29-15 00:29:46.291 [main] INFO  com.miro.utils.Log - Closing Webdriver Windows
2021-32-15 00:32:11.120 [main] INFO  com.miro.utils.Log - Getting WebDriver Settings
2021-32-15 00:32:11.203 [main] INFO  com.miro.utils.Log - Found chrome as Browser
2021-32-15 00:32:16.225 [main] INFO  com.miro.utils.Log - Closing Webdriver Windows
2021-33-15 00:33:29.580 [main] INFO  com.miro.utils.Log - Getting WebDriver Settings
2021-33-15 00:33:29.638 [main] INFO  com.miro.utils.Log - Found chrome as Browser
2021-33-15 00:33:34.547 [main] INFO  com.miro.utils.Log - Closing Webdriver Windows
2021-37-15 00:37:16.394 [main] INFO  com.miro.utils.Log - Getting WebDriver Settings
2021-37-15 00:37:16.443 [main] INFO  com.miro.utils.Log - Found chrome as Browser
2021-37-15 00:37:22.771 [main] INFO  com.miro.utils.Log - Closing Webdriver Windows
2021-02-15 01:02:45.729 [main] INFO  com.miro.utils.Log - Getting WebDriver Settings
2021-02-15 01:02:45.780 [main] INFO  com.miro.utils.Log - Found chrome as Browser
2021-02-15 01:02:52.382 [main] INFO  com.miro.utils.Log - Successfull registration
2021-02-15 01:02:52.390 [main] INFO  com.miro.utils.Log - Closing Webdriver Windows
2021-04-15 01:04:15.694 [main] INFO  com.miro.utils.Log - Getting WebDriver Settings
2021-04-15 01:04:15.743 [main] INFO  com.miro.utils.Log - Found chrome as Browser
2021-04-15 01:04:21.805 [main] INFO  com.miro.utils.Log - Successfull registration
2021-04-15 01:04:21.812 [main] INFO  com.miro.utils.Log - Closing Webdriver Windows
2021-04-15 01:04:58.042 [main] INFO  com.miro.utils.Log - Getting WebDriver Settings
2021-04-15 01:04:58.092 [main] INFO  com.miro.utils.Log - Found chrome as Browser
2021-05-15 01:05:35.374 [main] INFO  com.miro.utils.Log - Closing Webdriver Windows
2021-05-15 01:05:57.315 [main] INFO  com.miro.utils.Log - Getting WebDriver Settings
2021-05-15 01:05:57.365 [main] INFO  com.miro.utils.Log - Found chrome as Browser
2021-06-15 01:06:03.853 [main] INFO  com.miro.utils.Log - Successfull registration
2021-06-15 01:06:03.860 [main] INFO  com.miro.utils.Log - Closing Webdriver Windows
2021-08-15 01:08:56.234 [main] INFO  com.miro.utils.Log - Getting WebDriver Settings
2021-08-15 01:08:56.281 [main] INFO  com.miro.utils.Log - Found chrome as Browser
2021-09-15 01:09:02.785 [main] INFO  com.miro.utils.Log - Successfull registration
2021-09-15 01:09:02.793 [main] INFO  com.miro.utils.Log - Closing Webdriver Windows
2021-16-15 01:16:22.918 [main] INFO  com.miro.utils.Log - Getting WebDriver Settings
2021-16-15 01:16:22.969 [main] INFO  com.miro.utils.Log - Found chrome as Browser
2021-16-15 01:16:29.256 [main] INFO  com.miro.utils.Log - Successfull registration
2021-16-15 01:16:29.265 [main] INFO  com.miro.utils.Log - Closing Webdriver Windows
2021-30-15 01:30:08.734 [main] INFO  com.miro.utils.Log - Getting WebDriver Settings
2021-30-15 01:30:08.790 [main] INFO  com.miro.utils.Log - Found chrome as Browser
2021-30-15 01:30:15.701 [main] INFO  com.miro.utils.Log - Successfull registration
2021-30-15 01:30:15.708 [main] INFO  com.miro.utils.Log - Closing Webdriver Windows
2021-39-15 01:39:58.389 [main] INFO  com.miro.utils.Log - Getting WebDriver Settings
2021-39-15 01:39:58.448 [main] INFO  com.miro.utils.Log - Found chrome as Browser
2021-40-15 01:40:05.530 [main] INFO  com.miro.utils.Log - Successfull registration
2021-40-15 01:40:05.537 [main] INFO  com.miro.utils.Log - Closing Webdriver Windows
2021-41-15 01:41:45.871 [main] INFO  com.miro.utils.Log - Getting WebDriver Settings
2021-41-15 01:41:45.920 [main] INFO  com.miro.utils.Log - Found chrome as Browser
2021-41-15 01:41:52.065 [main] INFO  com.miro.utils.Log - Successfull registration
2021-41-15 01:41:52.074 [main] INFO  com.miro.utils.Log - Closing Webdriver Windows
2021-44-15 01:44:29.443 [main] INFO  com.miro.utils.Log - Getting WebDriver Settings
2021-44-15 01:44:29.513 [main] INFO  com.miro.utils.Log - Found chrome as Browser
2021-44-15 01:44:34.498 [main] INFO  com.miro.utils.Log - Closing Webdriver Windows
2021-47-15 01:47:18.095 [main] INFO  com.miro.utils.Log - Getting WebDriver Settings
2021-47-15 01:47:18.143 [main] INFO  com.miro.utils.Log - Found chrome as Browser
2021-47-15 01:47:25.355 [main] INFO  com.miro.utils.Log - Successfull registration
2021-47-15 01:47:25.361 [main] INFO  com.miro.utils.Log - Closing Webdriver Windows
2021-48-15 01:48:48.350 [main] INFO  com.miro.utils.Log - Getting WebDriver Settings
2021-48-15 01:48:48.400 [main] INFO  com.miro.utils.Log - Found chrome as Browser
2021-48-15 01:48:53.361 [main] INFO  com.miro.utils.Log - Closing Webdriver Windows
2021-49-15 01:49:58.766 [main] INFO  com.miro.utils.Log - Getting WebDriver Settings
2021-49-15 01:49:58.815 [main] INFO  com.miro.utils.Log - Found chrome as Browser
2021-50-15 01:50:03.891 [main] INFO  com.miro.utils.Log - Closing Webdriver Windows
2021-52-15 01:52:56.444 [main] INFO  com.miro.utils.Log - Getting WebDriver Settings
2021-52-15 01:52:56.495 [main] INFO  com.miro.utils.Log - Found chrome as Browser
2021-53-15 01:53:01.279 [main] INFO  com.miro.utils.Log - Closing Webdriver Windows
2021-53-15 01:53:54.390 [main] INFO  com.miro.utils.Log - Getting WebDriver Settings
2021-53-15 01:53:54.443 [main] INFO  com.miro.utils.Log - Found chrome as Browser
2021-53-15 01:53:59.054 [main] INFO  com.miro.utils.Log - Closing Webdriver Windows
2021-54-15 01:54:34.735 [main] INFO  com.miro.utils.Log - Getting WebDriver Settings
2021-54-15 01:54:34.792 [main] INFO  com.miro.utils.Log - Found chrome as Browser
2021-54-15 01:54:39.256 [main] INFO  com.miro.utils.Log - Closing Webdriver Windows
2021-55-15 01:55:25.460 [main] INFO  com.miro.utils.Log - Getting WebDriver Settings
2021-55-15 01:55:25.508 [main] INFO  com.miro.utils.Log - Found chrome as Browser
2021-55-15 01:55:30.571 [main] INFO  com.miro.utils.Log - Closing Webdriver Windows
2021-55-15 01:55:59.049 [main] INFO  com.miro.utils.Log - Getting WebDriver Settings
2021-55-15 01:55:59.096 [main] INFO  com.miro.utils.Log - Found chrome as Browser
2021-56-15 01:56:04.157 [main] INFO  com.miro.utils.Log - Closing Webdriver Windows
2021-56-15 01:56:26.446 [main] INFO  com.miro.utils.Log - Getting WebDriver Settings
2021-56-15 01:56:26.495 [main] INFO  com.miro.utils.Log - Found chrome as Browser
2021-56-15 01:56:31.595 [main] INFO  com.miro.utils.Log - Closing Webdriver Windows
2021-57-15 01:57:17.472 [main] INFO  com.miro.utils.Log - Getting WebDriver Settings
2021-57-15 01:57:17.523 [main] INFO  com.miro.utils.Log - Found chrome as Browser
2021-57-15 01:57:21.982 [main] INFO  com.miro.utils.Log - Closing Webdriver Windows
2021-57-15 01:57:57.145 [main] INFO  com.miro.utils.Log - Getting WebDriver Settings
2021-57-15 01:57:57.196 [main] INFO  com.miro.utils.Log - Found chrome as Browser
2021-58-15 01:58:01.639 [main] INFO  com.miro.utils.Log - Closing Webdriver Windows
2021-59-15 01:59:16.807 [main] INFO  com.miro.utils.Log - Getting WebDriver Settings
2021-59-15 01:59:16.859 [main] INFO  com.miro.utils.Log - Found chrome as Browser
2021-59-15 01:59:22.086 [main] INFO  com.miro.utils.Log - Closing Webdriver Windows
2021-01-15 02:01:52.573 [main] INFO  com.miro.utils.Log - Getting WebDriver Settings
2021-01-15 02:01:52.621 [main] INFO  com.miro.utils.Log - Found chrome as Browser
2021-02-15 02:02:00.421 [main] INFO  com.miro.utils.Log - Closing Webdriver Windows
2021-02-15 02:02:28.841 [main] INFO  com.miro.utils.Log - Getting WebDriver Settings
2021-02-15 02:02:28.894 [main] INFO  com.miro.utils.Log - Found chrome as Browser
2021-02-15 02:02:34.599 [main] INFO  com.miro.utils.Log - Closing Webdriver Windows
2021-03-15 02:03:14.867 [main] INFO  com.miro.utils.Log - Getting WebDriver Settings
2021-03-15 02:03:14.918 [main] INFO  com.miro.utils.Log - Found chrome as Browser
2021-03-15 02:03:20.068 [main] INFO  com.miro.utils.Log - Closing Webdriver Windows
2021-05-15 02:05:04.428 [main] INFO  com.miro.utils.Log - Getting WebDriver Settings
2021-05-15 02:05:04.476 [main] INFO  com.miro.utils.Log - Found chrome as Browser
2021-05-15 02:05:09.561 [main] INFO  com.miro.utils.Log - Closing Webdriver Windows
2021-06-15 02:06:53.281 [main] INFO  com.miro.utils.Log - Getting WebDriver Settings
2021-06-15 02:06:53.330 [main] INFO  com.miro.utils.Log - Found chrome as Browser
2021-06-15 02:06:58.096 [main] INFO  com.miro.utils.Log - Closing Webdriver Windows
2021-08-15 02:08:19.899 [main] INFO  com.miro.utils.Log - Getting WebDriver Settings
2021-08-15 02:08:19.959 [main] INFO  com.miro.utils.Log - Found chrome as Browser
2021-08-15 02:08:25.045 [main] INFO  com.miro.utils.Log - Closing Webdriver Windows
2021-10-15 02:10:39.641 [main] INFO  com.miro.utils.Log - Getting WebDriver Settings
2021-10-15 02:10:39.657 [main] INFO  com.miro.utils.Log - Getting WebDriver Settings
2021-10-15 02:10:39.692 [main] INFO  com.miro.utils.Log - Found chrome as Browser
2021-10-15 02:10:44.525 [main] INFO  com.miro.utils.Log - Error msg for Email is displayed
2021-10-15 02:10:44.535 [main] INFO  com.miro.utils.Log - Closing Webdriver Windows
2021-10-15 02:10:44.538 [main] INFO  com.miro.utils.Log - Found chrome as Browser
2021-10-15 02:10:54.255 [main] INFO  com.miro.utils.Log - Closing Webdriver Windows
2021-12-15 02:12:46.433 [main] INFO  com.miro.utils.Log - Getting WebDriver Settings
2021-12-15 02:12:46.448 [main] INFO  com.miro.utils.Log - Getting WebDriver Settings
2021-12-15 02:12:46.485 [main] INFO  com.miro.utils.Log - Found chrome as Browser
2021-12-15 02:12:51.729 [main] INFO  com.miro.utils.Log - Error msg for Email is displayed
2021-12-15 02:12:51.737 [main] INFO  com.miro.utils.Log - Closing Webdriver Windows
2021-12-15 02:12:51.741 [main] INFO  com.miro.utils.Log - Found chrome as Browser
2021-13-15 02:13:03.215 [main] INFO  com.miro.utils.Log - Successfull registration
2021-13-15 02:13:03.217 [main] INFO  com.miro.utils.Log - Closing Webdriver Windows
2021-00-15 20:00:42.082 [main] INFO  com.miro.utils.Log - Getting WebDriver Settings
2021-00-15 20:00:42.098 [main] INFO  com.miro.utils.Log - Getting WebDriver Settings
2021-00-15 20:00:42.132 [main] INFO  com.miro.utils.Log - Found chrome as Browser
2021-00-15 20:00:47.144 [main] INFO  com.miro.utils.Log - Error msg for Email is displayed
2021-00-15 20:00:47.151 [main] INFO  com.miro.utils.Log - Closing Webdriver Windows
2021-00-15 20:00:47.155 [main] INFO  com.miro.utils.Log - Found chrome as Browser
2021-00-15 20:00:58.373 [main] INFO  com.miro.utils.Log - Successfull registration
2021-00-15 20:00:58.378 [main] INFO  com.miro.utils.Log - Closing Webdriver Windows
2021-49-15 22:49:02.742 [main] INFO  com.miro.utils.Log - Getting WebDriver Settings
2021-49-15 22:49:02.759 [main] INFO  com.miro.utils.Log - Getting WebDriver Settings
2021-49-15 22:49:02.796 [main] INFO  com.miro.utils.Log - Found chrome as Browser
2021-49-15 22:49:10.249 [main] INFO  com.miro.utils.Log - Error msg for Email is displayed
2021-49-15 22:49:10.256 [main] INFO  com.miro.utils.Log - Closing Webdriver Windows
2021-49-15 22:49:10.259 [main] INFO  com.miro.utils.Log - Found chrome as Browser
2021-49-15 22:49:22.197 [main] INFO  com.miro.utils.Log - Successfull registration
2021-49-15 22:49:22.200 [main] INFO  com.miro.utils.Log - Closing Webdriver Windows
2021-51-15 22:51:45.168 [main] INFO  com.miro.utils.Log - Getting WebDriver Settings
2021-51-15 22:51:45.186 [main] INFO  com.miro.utils.Log - Getting WebDriver Settings
2021-51-15 22:51:45.223 [main] INFO  com.miro.utils.Log - Found chrome as Browser
2021-51-15 22:51:47.500 [main] INFO  com.miro.utils.Log - Closing Webdriver Windows
2021-51-15 22:51:47.503 [main] INFO  com.miro.utils.Log - Found chrome as Browser
2021-51-15 22:51:48.582 [main] INFO  com.miro.utils.Log - Closing Webdriver Windows
2021-05-15 23:05:26.455 [main] INFO  com.miro.utils.Log - Getting WebDriver Settings
2021-05-15 23:05:26.473 [main] INFO  com.miro.utils.Log - Getting WebDriver Settings
2021-05-15 23:05:26.509 [main] INFO  com.miro.utils.Log - Found chrome as Browser
2021-05-15 23:05:31.907 [main] INFO  com.miro.utils.Log - Error msg for Email is displayed
2021-05-15 23:05:31.917 [main] INFO  com.miro.utils.Log - Closing Webdriver Windows
2021-05-15 23:05:31.919 [main] INFO  com.miro.utils.Log - Found chrome as Browser
2021-05-15 23:05:44.072 [main] INFO  com.miro.utils.Log - Successfull registration
2021-05-15 23:05:44.075 [main] INFO  com.miro.utils.Log - Closing Webdriver Windows
2021-17-15 23:17:50.136 [main] INFO  com.miro.utils.Log - Getting WebDriver Settings
2021-17-15 23:17:50.153 [main] INFO  com.miro.utils.Log - Getting WebDriver Settings
2021-17-15 23:17:50.189 [main] INFO  com.miro.utils.Log - Found chrome as Browser
2021-17-15 23:17:55.618 [main] INFO  com.miro.utils.Log - Error msg for Email is displayed
2021-17-15 23:17:55.799 [main] INFO  com.miro.utils.Log - Please use 8+ characters for secure password
2021-17-15 23:17:55.805 [main] INFO  com.miro.utils.Log - Closing Webdriver Windows
2021-17-15 23:17:55.808 [main] INFO  com.miro.utils.Log - Found chrome as Browser
2021-18-15 23:18:07.632 [main] INFO  com.miro.utils.Log - Successfull registration
2021-18-15 23:18:07.635 [main] INFO  com.miro.utils.Log - Closing Webdriver Windows
2021-19-15 23:19:53.735 [main] INFO  com.miro.utils.Log - Getting WebDriver Settings
2021-19-15 23:19:53.753 [main] INFO  com.miro.utils.Log - Getting WebDriver Settings
2021-19-15 23:19:53.790 [main] INFO  com.miro.utils.Log - Found chrome as Browser
2021-19-15 23:19:59.104 [main] INFO  com.miro.utils.Log - Error msg for Email is displayed
2021-19-15 23:19:59.274 [main] INFO  com.miro.utils.Log - Please use 8+ characters for secure password
2021-19-15 23:19:59.281 [main] INFO  com.miro.utils.Log - Closing Webdriver Windows
2021-19-15 23:19:59.283 [main] INFO  com.miro.utils.Log - Found chrome as Browser
2021-20-15 23:20:09.857 [main] INFO  com.miro.utils.Log - Successfull registration
2021-20-15 23:20:09.858 [main] INFO  com.miro.utils.Log - Closing Webdriver Windows
2021-22-15 23:22:42.821 [main] INFO  com.miro.utils.Log - Getting WebDriver Settings
2021-22-15 23:22:42.837 [main] INFO  com.miro.utils.Log - Getting WebDriver Settings
2021-22-15 23:22:42.872 [main] INFO  com.miro.utils.Log - Found chrome as Browser
2021-22-15 23:22:47.934 [main] INFO  com.miro.utils.Log - Error msg for Email is displayed
2021-22-15 23:22:47.982 [main] INFO  com.miro.utils.Log - Closing Webdriver Windows
2021-22-15 23:22:48.003 [main] INFO  com.miro.utils.Log - Found chrome as Browser
2021-22-15 23:22:57.135 [main] INFO  com.miro.utils.Log - Please use 8+ characters for secure password
2021-22-15 23:22:57.149 [main] INFO  com.miro.utils.Log - Closing Webdriver Windows
2021-22-15 23:22:57.151 [main] INFO  com.miro.utils.Log - Found chrome as Browser
2021-23-15 23:23:03.061 [main] INFO  com.miro.utils.Log - Successfull registration
2021-23-15 23:23:03.063 [main] INFO  com.miro.utils.Log - Closing Webdriver Windows
2021-28-15 23:28:21.070 [main] INFO  com.miro.utils.Log - Getting WebDriver Settings
2021-28-15 23:28:21.089 [main] INFO  com.miro.utils.Log - Getting WebDriver Settings
2021-28-15 23:28:21.125 [main] INFO  com.miro.utils.Log - Found chrome as Browser
2021-28-15 23:28:26.580 [main] INFO  com.miro.utils.Log - Error msg for Email is displayed
2021-28-15 23:28:26.588 [main] INFO  com.miro.utils.Log - Closing Webdriver Windows
2021-28-15 23:28:26.590 [main] INFO  com.miro.utils.Log - Found chrome as Browser
2021-28-15 23:28:35.676 [main] INFO  com.miro.utils.Log - Please use 8+ characters for secure password
2021-28-15 23:28:35.678 [main] INFO  com.miro.utils.Log - Closing Webdriver Windows
2021-28-15 23:28:35.680 [main] INFO  com.miro.utils.Log - Found chrome as Browser
2021-28-15 23:28:41.631 [main] INFO  com.miro.utils.Log - Successfull registration
2021-28-15 23:28:41.632 [main] INFO  com.miro.utils.Log - Closing Webdriver Windows
2021-30-15 23:30:44.264 [main] INFO  com.miro.utils.Log - Getting WebDriver Settings
2021-30-15 23:30:44.279 [main] INFO  com.miro.utils.Log - Getting WebDriver Settings
2021-30-15 23:30:44.315 [main] INFO  com.miro.utils.Log - Found chrome as Browser
2021-30-15 23:30:49.283 [main] INFO  com.miro.utils.Log - Error msg for Email is displayed
2021-30-15 23:30:49.290 [main] INFO  com.miro.utils.Log - Closing Webdriver Windows
2021-30-15 23:30:49.291 [main] INFO  com.miro.utils.Log - Found chrome as Browser
2021-30-15 23:30:58.423 [main] INFO  com.miro.utils.Log - Please use 8+ characters for secure password
2021-30-15 23:30:58.424 [main] INFO  com.miro.utils.Log - Closing Webdriver Windows
2021-30-15 23:30:58.427 [main] INFO  com.miro.utils.Log - Found chrome as Browser
2021-31-15 23:31:05.215 [main] INFO  com.miro.utils.Log - Successfull registration
2021-31-15 23:31:05.216 [main] INFO  com.miro.utils.Log - Closing Webdriver Windows
2021-32-15 23:32:45.076 [main] INFO  com.miro.utils.Log - Getting WebDriver Settings
2021-32-15 23:32:45.091 [main] INFO  com.miro.utils.Log - Getting WebDriver Settings
2021-32-15 23:32:45.127 [main] INFO  com.miro.utils.Log - Found chrome as Browser
2021-32-15 23:32:51.345 [main] INFO  com.miro.utils.Log - Error msg for Email is displayed
2021-32-15 23:32:51.353 [main] INFO  com.miro.utils.Log - Closing Webdriver Windows
2021-32-15 23:32:51.354 [main] INFO  com.miro.utils.Log - Found chrome as Browser
2021-33-15 23:33:00.389 [main] INFO  com.miro.utils.Log - Please use 8+ characters for secure password
2021-33-15 23:33:00.391 [main] INFO  com.miro.utils.Log - Closing Webdriver Windows
2021-33-15 23:33:00.393 [main] INFO  com.miro.utils.Log - Found chrome as Browser
2021-33-15 23:33:07.012 [main] INFO  com.miro.utils.Log - Successfull registration
2021-33-15 23:33:07.014 [main] INFO  com.miro.utils.Log - Closing Webdriver Windows
2021-36-15 23:36:55.910 [main] INFO  com.miro.utils.Log - Getting WebDriver Settings
2021-36-15 23:36:55.927 [main] INFO  com.miro.utils.Log - Getting WebDriver Settings
2021-36-15 23:36:55.928 [main] INFO  com.miro.utils.Log - Getting WebDriver Settings
2021-36-15 23:36:55.971 [main] INFO  com.miro.utils.Log - Found chrome as Browser
2021-37-15 23:37:03.120 [main] INFO  com.miro.utils.Log - Successfull registration
2021-37-15 23:37:03.127 [main] INFO  com.miro.utils.Log - Closing Webdriver Windows
2021-37-15 23:37:03.130 [main] INFO  com.miro.utils.Log - Found chrome as Browser
2021-37-15 23:37:12.900 [main] INFO  com.miro.utils.Log - Error msg for Email is displayed
2021-37-15 23:37:12.902 [main] INFO  com.miro.utils.Log - Closing Webdriver Windows
2021-37-15 23:37:12.903 [main] INFO  com.miro.utils.Log - Found chrome as Browser
2021-37-15 23:37:17.071 [main] INFO  com.miro.utils.Log - Please use 8+ characters for secure password
2021-37-15 23:37:17.074 [main] INFO  com.miro.utils.Log - Closing Webdriver Windows
2021-50-15 23:50:54.772 [main] INFO  com.miro.utils.Log - Getting WebDriver Settings
2021-50-15 23:50:54.788 [main] INFO  com.miro.utils.Log - Getting WebDriver Settings
2021-50-15 23:50:54.826 [main] INFO  com.miro.utils.Log - Found chrome as Browser
2021-51-15 23:51:00.780 [main] INFO  com.miro.utils.Log - Error msg for Email is displayed
2021-51-15 23:51:00.787 [main] INFO  com.miro.utils.Log - Closing Webdriver Windows
2021-51-15 23:51:00.882 [main] INFO  com.miro.utils.Log - Found chrome as Browser
2021-51-15 23:51:10.059 [main] INFO  com.miro.utils.Log - Please use 8+ characters for secure password
2021-51-15 23:51:10.061 [main] INFO  com.miro.utils.Log - Closing Webdriver Windows
2021-51-15 23:51:10.206 [main] INFO  com.miro.utils.Log - Found chrome as Browser
2021-51-15 23:51:17.973 [main] INFO  com.miro.utils.Log - Closing Webdriver Windows
2021-53-15 23:53:30.995 [main] INFO  com.miro.utils.Log - Getting WebDriver Settings
2021-53-15 23:53:31.012 [main] INFO  com.miro.utils.Log - Getting WebDriver Settings
2021-53-15 23:53:31.047 [main] INFO  com.miro.utils.Log - Found chrome as Browser
2021-53-15 23:53:37.520 [main] INFO  com.miro.utils.Log - Closing Webdriver Windows
2021-53-15 23:53:37.522 [main] INFO  com.miro.utils.Log - Found chrome as Browser
2021-53-15 23:53:46.704 [main] INFO  com.miro.utils.Log - Please use 8+ characters for secure password
2021-53-15 23:53:46.706 [main] INFO  com.miro.utils.Log - Closing Webdriver Windows
2021-53-15 23:53:46.708 [main] INFO  com.miro.utils.Log - Found chrome as Browser
2021-53-15 23:53:52.341 [main] INFO  com.miro.utils.Log - Closing Webdriver Windows
2021-01-16 00:01:18.960 [main] INFO  com.miro.utils.Log - Getting WebDriver Settings
2021-01-16 00:01:18.976 [main] INFO  com.miro.utils.Log - Getting WebDriver Settings
2021-01-16 00:01:19.013 [main] INFO  com.miro.utils.Log - Found chrome as Browser
2021-01-16 00:01:25.087 [main] INFO  com.miro.utils.Log - Closing Webdriver Windows
2021-01-16 00:01:25.128 [main] INFO  com.miro.utils.Log - Found chrome as Browser
2021-01-16 00:01:34.705 [main] INFO  com.miro.utils.Log - Closing Webdriver Windows
2021-01-16 00:01:34.709 [main] INFO  com.miro.utils.Log - Found chrome as Browser
2021-01-16 00:01:41.380 [main] INFO  com.miro.utils.Log - Closing Webdriver Windows
2021-05-16 00:05:21.149 [main] INFO  com.miro.utils.Log - Getting WebDriver Settings
2021-05-16 00:05:21.166 [main] INFO  com.miro.utils.Log - Getting WebDriver Settings
2021-05-16 00:05:21.201 [main] INFO  com.miro.utils.Log - Found chrome as Browser
2021-05-16 00:05:27.031 [main] INFO  com.miro.utils.Log - Closing Webdriver Windows
2021-05-16 00:05:27.033 [main] INFO  com.miro.utils.Log - Found chrome as Browser
2021-05-16 00:05:36.943 [main] INFO  com.miro.utils.Log - Closing Webdriver Windows
2021-05-16 00:05:36.946 [main] INFO  com.miro.utils.Log - Found chrome as Browser
2021-05-16 00:05:43.228 [main] INFO  com.miro.utils.Log - Closing Webdriver Windows
2021-07-16 00:07:47.262 [main] INFO  com.miro.utils.Log - Getting WebDriver Settings
2021-07-16 00:07:47.313 [main] INFO  com.miro.utils.Log - Found chrome as Browser
2021-07-16 00:07:55.853 [main] INFO  com.miro.utils.Log - Closing Webdriver Windows
2021-15-16 00:15:51.346 [main] INFO  com.miro.utils.Log - Getting WebDriver Settings
2021-15-16 00:15:51.398 [main] INFO  com.miro.utils.Log - Found chrome as Browser
2021-15-16 00:15:58.256 [main] INFO  com.miro.utils.Log - Closing Webdriver Windows
2021-16-16 00:16:46.372 [main] INFO  com.miro.utils.Log - Getting WebDriver Settings
2021-16-16 00:16:46.388 [main] INFO  com.miro.utils.Log - Getting WebDriver Settings
2021-16-16 00:16:46.426 [main] INFO  com.miro.utils.Log - Found chrome as Browser
2021-16-16 00:16:52.748 [main] INFO  com.miro.utils.Log - Closing Webdriver Windows
2021-16-16 00:16:52.749 [main] INFO  com.miro.utils.Log - Found chrome as Browser
2021-17-16 00:17:02.934 [main] INFO  com.miro.utils.Log - Closing Webdriver Windows
2021-17-16 00:17:02.959 [main] INFO  com.miro.utils.Log - Found chrome as Browser
2021-17-16 00:17:14.943 [main] INFO  com.miro.utils.Log - Closing Webdriver Windows
2021-28-16 00:28:59.174 [main] INFO  com.miro.utils.Log - Getting WebDriver Settings
2021-28-16 00:28:59.191 [main] INFO  com.miro.utils.Log - Getting WebDriver Settings
2021-28-16 00:28:59.226 [main] INFO  com.miro.utils.Log - Found chrome as Browser
2021-29-16 00:29:06.143 [main] INFO  com.miro.utils.Log - Closing Webdriver Windows
2021-29-16 00:29:06.146 [main] INFO  com.miro.utils.Log - Found chrome as Browser
2021-29-16 00:29:16.454 [main] INFO  com.miro.utils.Log - Closing Webdriver Windows
2021-29-16 00:29:16.459 [main] INFO  com.miro.utils.Log - Found chrome as Browser
2021-29-16 00:29:30.300 [main] INFO  com.miro.utils.Log - Closing Webdriver Windows
2021-35-16 00:35:44.833 [main] INFO  com.miro.utils.Log - Getting WebDriver Settings
2021-35-16 00:35:44.850 [main] INFO  com.miro.utils.Log - Getting WebDriver Settings
2021-35-16 00:35:44.885 [main] INFO  com.miro.utils.Log - Found chrome as Browser
2021-35-16 00:35:51.571 [main] INFO  com.miro.utils.Log - Closing Webdriver Windows
2021-35-16 00:35:51.572 [main] INFO  com.miro.utils.Log - Found chrome as Browser
2021-36-16 00:36:01.593 [main] INFO  com.miro.utils.Log - Closing Webdriver Windows
2021-36-16 00:36:01.596 [main] INFO  com.miro.utils.Log - Found chrome as Browser
2021-36-16 00:36:31.362 [main] INFO  com.miro.utils.Log - Closing Webdriver Windows
2021-37-16 00:37:59.547 [main] INFO  com.miro.utils.Log - Getting WebDriver Settings
2021-37-16 00:37:59.597 [main] INFO  com.miro.utils.Log - Found chrome as Browser
2021-38-16 00:38:26.125 [main] INFO  com.miro.utils.Log - Closing Webdriver Windows
2021-42-16 00:42:11.651 [main] INFO  com.miro.utils.Log - Getting WebDriver Settings
2021-42-16 00:42:11.704 [main] INFO  com.miro.utils.Log - Found chrome as Browser
2021-42-16 00:42:37.237 [main] INFO  com.miro.utils.Log - Closing Webdriver Windows
2021-22-16 01:22:10.306 [main] INFO  com.miro.utils.Log - Getting WebDriver Settings
2021-22-16 01:22:10.357 [main] INFO  com.miro.utils.Log - Found chrome as Browser
2021-22-16 01:22:35.770 [main] INFO  com.miro.utils.Log - Closing Webdriver Windows
2021-27-16 01:27:06.154 [main] INFO  com.miro.utils.Log - Getting WebDriver Settings
2021-27-16 01:27:06.202 [main] INFO  com.miro.utils.Log - Found chrome as Browser
2021-27-16 01:27:32.210 [main] INFO  com.miro.utils.Log - Closing Webdriver Windows
2021-37-16 01:37:43.260 [main] INFO  com.miro.utils.Log - Getting WebDriver Settings
2021-37-16 01:37:43.316 [main] INFO  com.miro.utils.Log - Found chrome as Browser
2021-38-16 01:38:09.810 [main] INFO  com.miro.utils.Log - Closing Webdriver Windows
2021-39-16 01:39:28.498 [main] INFO  com.miro.utils.Log - Getting WebDriver Settings
2021-39-16 01:39:28.547 [main] INFO  com.miro.utils.Log - Found chrome as Browser
2021-39-16 01:39:54.254 [main] INFO  com.miro.utils.Log - Closing Webdriver Windows
2021-41-16 01:41:39.198 [main] INFO  com.miro.utils.Log - Getting WebDriver Settings
2021-41-16 01:41:39.248 [main] INFO  com.miro.utils.Log - Found chrome as Browser
2021-42-16 01:42:02.984 [main] INFO  com.miro.utils.Log - Closing Webdriver Windows
2021-43-16 01:43:17.009 [main] INFO  com.miro.utils.Log - Getting WebDriver Settings
2021-43-16 01:43:17.060 [main] INFO  com.miro.utils.Log - Found chrome as Browser
2021-43-16 01:43:23.223 [main] INFO  com.miro.utils.Log - Closing Webdriver Windows
2021-45-16 01:45:29.924 [main] INFO  com.miro.utils.Log - Getting WebDriver Settings
2021-45-16 01:45:29.973 [main] INFO  com.miro.utils.Log - Found chrome as Browser
2021-45-16 01:45:56.464 [main] INFO  com.miro.utils.Log - Closing Webdriver Windows
2021-46-16 01:46:38.904 [main] INFO  com.miro.utils.Log - Getting WebDriver Settings
2021-46-16 01:46:38.951 [main] INFO  com.miro.utils.Log - Found chrome as Browser
2021-47-16 01:47:04.766 [main] INFO  com.miro.utils.Log - Closing Webdriver Windows
2021-48-16 01:48:51.363 [main] INFO  com.miro.utils.Log - Getting WebDriver Settings
2021-48-16 01:48:51.412 [main] INFO  com.miro.utils.Log - Found chrome as Browser
2021-48-16 01:48:57.981 [main] INFO  com.miro.utils.Log - Closing Webdriver Windows
2021-50-16 01:50:14.585 [main] INFO  com.miro.utils.Log - Getting WebDriver Settings
2021-50-16 01:50:14.634 [main] INFO  com.miro.utils.Log - Found chrome as Browser
2021-50-16 01:50:22.524 [main] INFO  com.miro.utils.Log - Closing Webdriver Windows
2021-55-16 01:55:06.377 [main] INFO  com.miro.utils.Log - Getting WebDriver Settings
2021-55-16 01:55:06.429 [main] INFO  com.miro.utils.Log - Found chrome as Browser
2021-55-16 01:55:12.368 [main] INFO  com.miro.utils.Log - Closing Webdriver Windows
2021-56-16 01:56:14.717 [main] INFO  com.miro.utils.Log - Getting WebDriver Settings
2021-56-16 01:56:14.770 [main] INFO  com.miro.utils.Log - Found chrome as Browser
2021-56-16 01:56:22.547 [main] INFO  com.miro.utils.Log - Closing Webdriver Windows
2021-57-16 01:57:18.870 [main] INFO  com.miro.utils.Log - Getting WebDriver Settings
2021-57-16 01:57:18.923 [main] INFO  com.miro.utils.Log - Found chrome as Browser
2021-57-16 01:57:26.406 [main] INFO  com.miro.utils.Log - Closing Webdriver Windows
2021-59-16 01:59:13.852 [main] INFO  com.miro.utils.Log - Getting WebDriver Settings
2021-59-16 01:59:13.902 [main] INFO  com.miro.utils.Log - Found chrome as Browser
2021-59-16 01:59:21.385 [main] INFO  com.miro.utils.Log - Closing Webdriver Windows
2021-01-16 02:01:17.109 [main] INFO  com.miro.utils.Log - Getting WebDriver Settings
2021-01-16 02:01:17.157 [main] INFO  com.miro.utils.Log - Found chrome as Browser
2021-01-16 02:01:24.963 [main] INFO  com.miro.utils.Log - Closing Webdriver Windows
2021-04-16 02:04:32.535 [main] INFO  com.miro.utils.Log - Getting WebDriver Settings
2021-04-16 02:04:32.585 [main] INFO  com.miro.utils.Log - Found chrome as Browser
2021-04-16 02:04:40.975 [main] INFO  com.miro.utils.Log - Closing Webdriver Windows
2021-13-16 02:13:24.380 [main] INFO  com.miro.utils.Log - Getting WebDriver Settings
2021-13-16 02:13:24.435 [main] INFO  com.miro.utils.Log - Found chrome as Browser
2021-13-16 02:13:33.406 [main] INFO  com.miro.utils.Log - Closing Webdriver Windows
2021-17-16 02:17:25.350 [main] INFO  com.miro.utils.Log - Getting WebDriver Settings
2021-17-16 02:17:25.402 [main] INFO  com.miro.utils.Log - Found chrome as Browser
2021-17-16 02:17:31.936 [main] INFO  com.miro.utils.Log - Closing Webdriver Windows
2021-19-16 02:19:03.578 [main] INFO  com.miro.utils.Log - Getting WebDriver Settings
2021-19-16 02:19:03.626 [main] INFO  com.miro.utils.Log - Found chrome as Browser
2021-19-16 02:19:10.234 [main] INFO  com.miro.utils.Log - Closing Webdriver Windows
2021-20-16 02:20:55.817 [main] INFO  com.miro.utils.Log - Getting WebDriver Settings
2021-20-16 02:20:55.868 [main] INFO  com.miro.utils.Log - Found chrome as Browser
2021-21-16 02:21:03.264 [main] INFO  com.miro.utils.Log - Closing Webdriver Windows
2021-25-16 02:25:38.367 [main] INFO  com.miro.utils.Log - Getting WebDriver Settings
2021-25-16 02:25:38.420 [main] INFO  com.miro.utils.Log - Found chrome as Browser
2021-25-16 02:25:45.502 [main] INFO  com.miro.utils.Log - Closing Webdriver Windows
2021-26-16 02:26:35.385 [main] INFO  com.miro.utils.Log - Getting WebDriver Settings
2021-26-16 02:26:35.441 [main] INFO  com.miro.utils.Log - Found chrome as Browser
2021-26-16 02:26:44.101 [main] INFO  com.miro.utils.Log - Closing Webdriver Windows
2021-29-16 02:29:22.729 [main] INFO  com.miro.utils.Log - Getting WebDriver Settings
2021-29-16 02:29:22.780 [main] INFO  com.miro.utils.Log - Found chrome as Browser
2021-29-16 02:29:30.488 [main] INFO  com.miro.utils.Log - Closing Webdriver Windows
2021-29-16 02:29:49.788 [main] INFO  com.miro.utils.Log - Getting WebDriver Settings
2021-29-16 02:29:49.841 [main] INFO  com.miro.utils.Log - Found chrome as Browser
2021-29-16 02:29:58.197 [main] INFO  com.miro.utils.Log - Closing Webdriver Windows
2021-31-16 02:31:05.690 [main] INFO  com.miro.utils.Log - Getting WebDriver Settings
2021-31-16 02:31:05.738 [main] INFO  com.miro.utils.Log - Found chrome as Browser
2021-31-16 02:31:13.017 [main] INFO  com.miro.utils.Log - Closing Webdriver Windows
2021-34-16 02:34:23.867 [main] INFO  com.miro.utils.Log - Getting WebDriver Settings
2021-34-16 02:34:23.915 [main] INFO  com.miro.utils.Log - Found chrome as Browser
2021-34-16 02:34:31.678 [main] INFO  com.miro.utils.Log - Closing Webdriver Windows
2021-37-16 02:37:00.556 [main] INFO  com.miro.utils.Log - Getting WebDriver Settings
2021-37-16 02:37:00.605 [main] INFO  com.miro.utils.Log - Found chrome as Browser
2021-37-16 02:37:08.929 [main] INFO  com.miro.utils.Log - Closing Webdriver Windows
2021-38-16 02:38:16.432 [main] INFO  com.miro.utils.Log - Getting WebDriver Settings
2021-38-16 02:38:16.495 [main] INFO  com.miro.utils.Log - Found chrome as Browser
2021-38-16 02:38:23.336 [main] INFO  com.miro.utils.Log - Closing Webdriver Windows
2021-50-16 02:50:45.922 [main] INFO  com.miro.utils.Log - Getting WebDriver Settings
2021-50-16 02:50:45.939 [main] INFO  com.miro.utils.Log - Getting WebDriver Settings
2021-50-16 02:50:45.977 [main] INFO  com.miro.utils.Log - Found chrome as Browser
2021-50-16 02:50:52.163 [main] INFO  com.miro.utils.Log - Closing Webdriver Windows
2021-50-16 02:50:52.164 [main] INFO  com.miro.utils.Log - Found chrome as Browser
2021-51-16 02:51:01.926 [main] INFO  com.miro.utils.Log - Closing Webdriver Windows
2021-51-16 02:51:01.928 [main] INFO  com.miro.utils.Log - Found chrome as Browser
2021-51-16 02:51:09.896 [main] INFO  com.miro.utils.Log - Closing Webdriver Windows
2021-53-16 02:53:18.059 [main] INFO  com.miro.utils.Log - Getting WebDriver Settings
2021-53-16 02:53:18.078 [main] INFO  com.miro.utils.Log - Getting WebDriver Settings
2021-53-16 02:53:18.119 [main] INFO  com.miro.utils.Log - Found chrome as Browser
2021-53-16 02:53:24.267 [main] INFO  com.miro.utils.Log - Closing Webdriver Windows
2021-53-16 02:53:24.268 [main] INFO  com.miro.utils.Log - Found chrome as Browser
2021-53-16 02:53:34.405 [main] INFO  com.miro.utils.Log - Closing Webdriver Windows
2021-53-16 02:53:34.408 [main] INFO  com.miro.utils.Log - Found chrome as Browser
2021-53-16 02:53:48.555 [main] INFO  com.miro.utils.Log - Closing Webdriver Windows
2021-00-16 03:00:05.389 [main] INFO  com.miro.utils.Log - Getting WebDriver Settings
2021-00-16 03:00:05.411 [main] INFO  com.miro.utils.Log - Getting WebDriver Settings
2021-00-16 03:00:05.455 [main] INFO  com.miro.utils.Log - Found chrome as Browser
2021-00-16 03:00:10.027 [main] INFO  com.miro.utils.Log - Closing Webdriver Windows
2021-00-16 03:00:10.028 [main] INFO  com.miro.utils.Log - Found chrome as Browser
2021-00-16 03:00:18.509 [main] INFO  com.miro.utils.Log - Closing Webdriver Windows
2021-00-16 03:00:18.512 [main] INFO  com.miro.utils.Log - Found chrome as Browser
2021-00-16 03:00:22.576 [main] INFO  com.miro.utils.Log - Closing Webdriver Windows
2021-01-16 03:01:21.988 [main] INFO  com.miro.utils.Log - Getting WebDriver Settings
2021-01-16 03:01:22.003 [main] INFO  com.miro.utils.Log - Getting WebDriver Settings
2021-01-16 03:01:22.036 [main] INFO  com.miro.utils.Log - Found chrome as Browser
2021-01-16 03:01:28.012 [main] INFO  com.miro.utils.Log - Closing Webdriver Windows
2021-01-16 03:01:28.014 [main] INFO  com.miro.utils.Log - Found chrome as Browser
2021-01-16 03:01:37.888 [main] INFO  com.miro.utils.Log - Closing Webdriver Windows
2021-01-16 03:01:37.891 [main] INFO  com.miro.utils.Log - Found chrome as Browser
2021-01-16 03:01:45.486 [main] INFO  com.miro.utils.Log - Closing Webdriver Windows
2021-04-16 03:04:11.014 [main] INFO  com.miro.utils.Log - Getting WebDriver Settings
2021-04-16 03:04:11.064 [main] INFO  com.miro.utils.Log - Found chrome as Browser
2021-04-16 03:04:19.577 [main] INFO  com.miro.utils.Log - Closing Webdriver Windows
2021-05-16 03:05:20.956 [main] INFO  com.miro.utils.Log - Getting WebDriver Settings
2021-05-16 03:05:21.004 [main] INFO  com.miro.utils.Log - Found chrome as Browser
2021-05-16 03:05:25.975 [main] INFO  com.miro.utils.Log - Closing Webdriver Windows
2021-05-16 03:05:57.865 [main] INFO  com.miro.utils.Log - Getting WebDriver Settings
2021-05-16 03:05:57.913 [main] INFO  com.miro.utils.Log - Found chrome as Browser
2021-06-16 03:06:05.852 [main] INFO  com.miro.utils.Log - Closing Webdriver Windows
2021-07-16 03:07:14.704 [main] INFO  com.miro.utils.Log - Getting WebDriver Settings
2021-07-16 03:07:14.752 [main] INFO  com.miro.utils.Log - Found chrome as Browser
2021-07-16 03:07:23.005 [main] INFO  com.miro.utils.Log - Closing Webdriver Windows
2021-42-17 10:42:06.094 [main] INFO  com.miro.utils.Log - Getting WebDriver Settings
2021-42-17 10:42:06.146 [main] INFO  com.miro.utils.Log - Found chrome as Browser
2021-42-17 10:42:18.224 [main] INFO  com.miro.utils.Log - Closing Webdriver Windows
